2023-10-31 07:43:54,822 [Worker-6: Loading available Gradle versions] INFO  o.e.b.c.i.u.g.PublishedGradleVersions - Gradle version information cache is up-to-date. Trying to read.
2023-10-31 12:39:01,907 [Worker-4: Loading available Gradle versions] INFO  o.e.b.c.i.u.g.PublishedGradleVersions - Gradle version information cache is out-of-date. Trying to update.
2023-11-02 10:07:26,452 [Worker-4: Loading available Gradle versions] INFO  o.e.b.c.i.u.g.PublishedGradleVersions - Gradle version information cache is up-to-date. Trying to read.
2023-11-02 10:10:50,365 [Worker-5: Loading available Gradle versions] INFO  o.e.b.c.i.u.g.PublishedGradleVersions - Gradle version information cache is up-to-date. Trying to read.
2023-11-02 10:17:39,974 [Worker-22: Launching mavenrun-b26844af-6c21-4db3-83e5-668d387973d5] INFO  o.eclipse.m2e.core.internal.Bundles - getClasspathEntries(Bundle=org.eclipse.m2e.maven.runtime_3.8.701.20230209-1606 [610])
2023-11-02 10:17:39,999 [Worker-22: Launching mavenrun-b26844af-6c21-4db3-83e5-668d387973d5] INFO  o.eclipse.m2e.core.internal.Bundles - 	Entry: C:\Users\smrutip\Downloads\eclipse\plugins\org.eclipse.m2e.maven.runtime_3.8.701.20230209-1606
2023-11-02 10:17:40,000 [Worker-22: Launching mavenrun-b26844af-6c21-4db3-83e5-668d387973d5] INFO  o.eclipse.m2e.core.internal.Bundles - 	Entry: C:\Users\smrutip\Downloads\eclipse\plugins\org.eclipse.m2e.maven.runtime_3.8.701.20230209-1606\jars\aether-connector-okhttp-0.17.8.jar
2023-11-02 10:17:40,000 [Worker-22: Launching mavenrun-b26844af-6c21-4db3-83e5-668d387973d5] INFO  o.eclipse.m2e.core.internal.Bundles - 	Entry: C:\Users\smrutip\Downloads\eclipse\plugins\org.eclipse.m2e.maven.runtime_3.8.701.20230209-1606\jars\commons-lang3-3.8.1.jar
2023-11-02 10:17:40,000 [Worker-22: Launching mavenrun-b26844af-6c21-4db3-83e5-668d387973d5] INFO  o.eclipse.m2e.core.internal.Bundles - 	Entry: C:\Users\smrutip\Downloads\eclipse\plugins\org.eclipse.m2e.maven.runtime_3.8.701.20230209-1606\jars\guice-4.2.2-no_aop.jar
2023-11-02 10:17:40,000 [Worker-22: Launching mavenrun-b26844af-6c21-4db3-83e5-668d387973d5] INFO  o.eclipse.m2e.core.internal.Bundles - 	Entry: C:\Users\smrutip\Downloads\eclipse\plugins\org.eclipse.m2e.maven.runtime_3.8.701.20230209-1606\jars\jansi-2.4.0.jar
2023-11-02 10:17:40,001 [Worker-22: Launching mavenrun-b26844af-6c21-4db3-83e5-668d387973d5] INFO  o.eclipse.m2e.core.internal.Bundles - 	Entry: C:\Users\smrutip\Downloads\eclipse\plugins\org.eclipse.m2e.maven.runtime_3.8.701.20230209-1606\jars\maven-artifact-3.8.7.jar
2023-11-02 10:17:40,001 [Worker-22: Launching mavenrun-b26844af-6c21-4db3-83e5-668d387973d5] INFO  o.eclipse.m2e.core.internal.Bundles - 	Entry: C:\Users\smrutip\Downloads\eclipse\plugins\org.eclipse.m2e.maven.runtime_3.8.701.20230209-1606\jars\maven-builder-support-3.8.7.jar
2023-11-02 10:17:40,001 [Worker-22: Launching mavenrun-b26844af-6c21-4db3-83e5-668d387973d5] INFO  o.eclipse.m2e.core.internal.Bundles - 	Entry: C:\Users\smrutip\Downloads\eclipse\plugins\org.eclipse.m2e.maven.runtime_3.8.701.20230209-1606\jars\maven-compat-3.8.7.jar
2023-11-02 10:17:40,001 [Worker-22: Launching mavenrun-b26844af-6c21-4db3-83e5-668d387973d5] INFO  o.eclipse.m2e.core.internal.Bundles - 	Entry: C:\Users\smrutip\Downloads\eclipse\plugins\org.eclipse.m2e.maven.runtime_3.8.701.20230209-1606\jars\maven-core-3.8.7.jar
2023-11-02 10:17:40,001 [Worker-22: Launching mavenrun-b26844af-6c21-4db3-83e5-668d387973d5] INFO  o.eclipse.m2e.core.internal.Bundles - 	Entry: C:\Users\smrutip\Downloads\eclipse\plugins\org.eclipse.m2e.maven.runtime_3.8.701.20230209-1606\jars\maven-embedder-3.8.7.jar
2023-11-02 10:17:40,002 [Worker-22: Launching mavenrun-b26844af-6c21-4db3-83e5-668d387973d5] INFO  o.eclipse.m2e.core.internal.Bundles - 	Entry: C:\Users\smrutip\Downloads\eclipse\plugins\org.eclipse.m2e.maven.runtime_3.8.701.20230209-1606\jars\maven-model-3.8.7.jar
2023-11-02 10:17:40,002 [Worker-22: Launching mavenrun-b26844af-6c21-4db3-83e5-668d387973d5] INFO  o.eclipse.m2e.core.internal.Bundles - 	Entry: C:\Users\smrutip\Downloads\eclipse\plugins\org.eclipse.m2e.maven.runtime_3.8.701.20230209-1606\jars\maven-model-builder-3.8.7.jar
2023-11-02 10:17:40,002 [Worker-22: Launching mavenrun-b26844af-6c21-4db3-83e5-668d387973d5] INFO  o.eclipse.m2e.core.internal.Bundles - 	Entry: C:\Users\smrutip\Downloads\eclipse\plugins\org.eclipse.m2e.maven.runtime_3.8.701.20230209-1606\jars\maven-plugin-api-3.8.7.jar
2023-11-02 10:17:40,002 [Worker-22: Launching mavenrun-b26844af-6c21-4db3-83e5-668d387973d5] INFO  o.eclipse.m2e.core.internal.Bundles - 	Entry: C:\Users\smrutip\Downloads\eclipse\plugins\org.eclipse.m2e.maven.runtime_3.8.701.20230209-1606\jars\maven-repository-metadata-3.8.7.jar
2023-11-02 10:17:40,003 [Worker-22: Launching mavenrun-b26844af-6c21-4db3-83e5-668d387973d5] INFO  o.eclipse.m2e.core.internal.Bundles - 	Entry: C:\Users\smrutip\Downloads\eclipse\plugins\org.eclipse.m2e.maven.runtime_3.8.701.20230209-1606\jars\maven-resolver-api-1.6.3.jar
2023-11-02 10:17:40,003 [Worker-22: Launching mavenrun-b26844af-6c21-4db3-83e5-668d387973d5] INFO  o.eclipse.m2e.core.internal.Bundles - 	Entry: C:\Users\smrutip\Downloads\eclipse\plugins\org.eclipse.m2e.maven.runtime_3.8.701.20230209-1606\jars\maven-resolver-connector-basic-1.6.3.jar
2023-11-02 10:17:40,003 [Worker-22: Launching mavenrun-b26844af-6c21-4db3-83e5-668d387973d5] INFO  o.eclipse.m2e.core.internal.Bundles - 	Entry: C:\Users\smrutip\Downloads\eclipse\plugins\org.eclipse.m2e.maven.runtime_3.8.701.20230209-1606\jars\maven-resolver-impl-1.6.3.jar
2023-11-02 10:17:40,003 [Worker-22: Launching mavenrun-b26844af-6c21-4db3-83e5-668d387973d5] INFO  o.eclipse.m2e.core.internal.Bundles - 	Entry: C:\Users\smrutip\Downloads\eclipse\plugins\org.eclipse.m2e.maven.runtime_3.8.701.20230209-1606\jars\maven-resolver-provider-3.8.7.jar
2023-11-02 10:17:40,003 [Worker-22: Launching mavenrun-b26844af-6c21-4db3-83e5-668d387973d5] INFO  o.eclipse.m2e.core.internal.Bundles - 	Entry: C:\Users\smrutip\Downloads\eclipse\plugins\org.eclipse.m2e.maven.runtime_3.8.701.20230209-1606\jars\maven-resolver-spi-1.6.3.jar
2023-11-02 10:17:40,004 [Worker-22: Launching mavenrun-b26844af-6c21-4db3-83e5-668d387973d5] INFO  o.eclipse.m2e.core.internal.Bundles - 	Entry: C:\Users\smrutip\Downloads\eclipse\plugins\org.eclipse.m2e.maven.runtime_3.8.701.20230209-1606\jars\maven-resolver-transport-wagon-1.6.3.jar
2023-11-02 10:17:40,004 [Worker-22: Launching mavenrun-b26844af-6c21-4db3-83e5-668d387973d5] INFO  o.eclipse.m2e.core.internal.Bundles - 	Entry: C:\Users\smrutip\Downloads\eclipse\plugins\org.eclipse.m2e.maven.runtime_3.8.701.20230209-1606\jars\maven-resolver-util-1.6.3.jar
2023-11-02 10:17:40,004 [Worker-22: Launching mavenrun-b26844af-6c21-4db3-83e5-668d387973d5] INFO  o.eclipse.m2e.core.internal.Bundles - 	Entry: C:\Users\smrutip\Downloads\eclipse\plugins\org.eclipse.m2e.maven.runtime_3.8.701.20230209-1606\jars\maven-settings-3.8.7.jar
2023-11-02 10:17:40,004 [Worker-22: Launching mavenrun-b26844af-6c21-4db3-83e5-668d387973d5] INFO  o.eclipse.m2e.core.internal.Bundles - 	Entry: C:\Users\smrutip\Downloads\eclipse\plugins\org.eclipse.m2e.maven.runtime_3.8.701.20230209-1606\jars\maven-settings-builder-3.8.7.jar
2023-11-02 10:17:40,005 [Worker-22: Launching mavenrun-b26844af-6c21-4db3-83e5-668d387973d5] INFO  o.eclipse.m2e.core.internal.Bundles - 	Entry: C:\Users\smrutip\Downloads\eclipse\plugins\org.eclipse.m2e.maven.runtime_3.8.701.20230209-1606\jars\maven-shared-utils-3.3.4.jar
2023-11-02 10:17:40,005 [Worker-22: Launching mavenrun-b26844af-6c21-4db3-83e5-668d387973d5] INFO  o.eclipse.m2e.core.internal.Bundles - 	Entry: C:\Users\smrutip\Downloads\eclipse\plugins\org.eclipse.m2e.maven.runtime_3.8.701.20230209-1606\jars\okhttp-3.14.1.jar
2023-11-02 10:17:40,005 [Worker-22: Launching mavenrun-b26844af-6c21-4db3-83e5-668d387973d5] INFO  o.eclipse.m2e.core.internal.Bundles - 	Entry: C:\Users\smrutip\Downloads\eclipse\plugins\org.eclipse.m2e.maven.runtime_3.8.701.20230209-1606\jars\okio-1.17.3.jar
2023-11-02 10:17:40,005 [Worker-22: Launching mavenrun-b26844af-6c21-4db3-83e5-668d387973d5] INFO  o.eclipse.m2e.core.internal.Bundles - 	Entry: C:\Users\smrutip\Downloads\eclipse\plugins\org.eclipse.m2e.maven.runtime_3.8.701.20230209-1606\jars\org.eclipse.sisu.inject-0.3.5.jar
2023-11-02 10:17:40,005 [Worker-22: Launching mavenrun-b26844af-6c21-4db3-83e5-668d387973d5] INFO  o.eclipse.m2e.core.internal.Bundles - 	Entry: C:\Users\smrutip\Downloads\eclipse\plugins\org.eclipse.m2e.maven.runtime_3.8.701.20230209-1606\jars\org.eclipse.sisu.plexus-0.3.5.jar
2023-11-02 10:17:40,006 [Worker-22: Launching mavenrun-b26844af-6c21-4db3-83e5-668d387973d5] INFO  o.eclipse.m2e.core.internal.Bundles - 	Entry: C:\Users\smrutip\Downloads\eclipse\plugins\org.eclipse.m2e.maven.runtime_3.8.701.20230209-1606\jars\plexus-build-api-0.0.7.jar
2023-11-02 10:17:40,006 [Worker-22: Launching mavenrun-b26844af-6c21-4db3-83e5-668d387973d5] INFO  o.eclipse.m2e.core.internal.Bundles - 	Entry: C:\Users\smrutip\Downloads\eclipse\plugins\org.eclipse.m2e.maven.runtime_3.8.701.20230209-1606\jars\plexus-cipher-2.0.jar
2023-11-02 10:17:40,006 [Worker-22: Launching mavenrun-b26844af-6c21-4db3-83e5-668d387973d5] INFO  o.eclipse.m2e.core.internal.Bundles - 	Entry: C:\Users\smrutip\Downloads\eclipse\plugins\org.eclipse.m2e.maven.runtime_3.8.701.20230209-1606\jars\plexus-classworlds-2.6.0.jar
2023-11-02 10:17:40,006 [Worker-22: Launching mavenrun-b26844af-6c21-4db3-83e5-668d387973d5] INFO  o.eclipse.m2e.core.internal.Bundles - 	Entry: C:\Users\smrutip\Downloads\eclipse\plugins\org.eclipse.m2e.maven.runtime_3.8.701.20230209-1606\jars\plexus-component-annotations-2.1.0.jar
2023-11-02 10:17:40,006 [Worker-22: Launching mavenrun-b26844af-6c21-4db3-83e5-668d387973d5] INFO  o.eclipse.m2e.core.internal.Bundles - 	Entry: C:\Users\smrutip\Downloads\eclipse\plugins\org.eclipse.m2e.maven.runtime_3.8.701.20230209-1606\jars\plexus-interpolation-1.26.jar
2023-11-02 10:17:40,007 [Worker-22: Launching mavenrun-b26844af-6c21-4db3-83e5-668d387973d5] INFO  o.eclipse.m2e.core.internal.Bundles - 	Entry: C:\Users\smrutip\Downloads\eclipse\plugins\org.eclipse.m2e.maven.runtime_3.8.701.20230209-1606\jars\plexus-sec-dispatcher-2.0.jar
2023-11-02 10:17:40,007 [Worker-22: Launching mavenrun-b26844af-6c21-4db3-83e5-668d387973d5] INFO  o.eclipse.m2e.core.internal.Bundles - 	Entry: C:\Users\smrutip\Downloads\eclipse\plugins\org.eclipse.m2e.maven.runtime_3.8.701.20230209-1606\jars\plexus-utils-3.3.1.jar
2023-11-02 10:17:40,007 [Worker-22: Launching mavenrun-b26844af-6c21-4db3-83e5-668d387973d5] INFO  o.eclipse.m2e.core.internal.Bundles - 	Entry: C:\Users\smrutip\Downloads\eclipse\plugins\org.eclipse.m2e.maven.runtime_3.8.701.20230209-1606\jars\wagon-file-3.5.3.jar
2023-11-02 10:17:40,007 [Worker-22: Launching mavenrun-b26844af-6c21-4db3-83e5-668d387973d5] INFO  o.eclipse.m2e.core.internal.Bundles - 	Entry: C:\Users\smrutip\Downloads\eclipse\plugins\org.eclipse.m2e.maven.runtime_3.8.701.20230209-1606\jars\wagon-provider-api-3.5.3.jar
2023-11-02 10:17:40,010 [Worker-22: Launching mavenrun-b26844af-6c21-4db3-83e5-668d387973d5] INFO  o.eclipse.m2e.core.internal.Bundles - getClasspathEntries(Bundle=com.google.guava_32.1.2.jre [1332])
2023-11-02 10:17:40,012 [Worker-22: Launching mavenrun-b26844af-6c21-4db3-83e5-668d387973d5] INFO  o.eclipse.m2e.core.internal.Bundles - 	Entry: C:\Users\smrutip\Downloads\eclipse\plugins\com.google.guava_32.1.2.jre.jar
2023-11-02 10:17:40,012 [Worker-22: Launching mavenrun-b26844af-6c21-4db3-83e5-668d387973d5] INFO  o.eclipse.m2e.core.internal.Bundles - getClasspathEntries(Bundle=slf4j.api_1.7.36 [924])
2023-11-02 10:17:40,014 [Worker-22: Launching mavenrun-b26844af-6c21-4db3-83e5-668d387973d5] INFO  o.eclipse.m2e.core.internal.Bundles - 	Entry: C:\Users\smrutip\Downloads\eclipse\plugins\slf4j.api_1.7.36.jar
2023-11-02 10:17:40,014 [Worker-22: Launching mavenrun-b26844af-6c21-4db3-83e5-668d387973d5] INFO  o.eclipse.m2e.core.internal.Bundles - getClasspathEntries(Bundle=javax.inject_1.0.0.v20220405-0441 [35])
2023-11-02 10:17:40,015 [Worker-22: Launching mavenrun-b26844af-6c21-4db3-83e5-668d387973d5] INFO  o.eclipse.m2e.core.internal.Bundles - 	Entry: C:\Users\smrutip\Downloads\eclipse\plugins\javax.inject_1.0.0.v20220405-0441.jar
2023-11-02 10:17:40,015 [Worker-22: Launching mavenrun-b26844af-6c21-4db3-83e5-668d387973d5] INFO  o.eclipse.m2e.core.internal.Bundles - getClasspathEntries(Bundle=javax.annotation_1.3.5.v20221203-1659 [33])
2023-11-02 10:17:40,016 [Worker-22: Launching mavenrun-b26844af-6c21-4db3-83e5-668d387973d5] INFO  o.eclipse.m2e.core.internal.Bundles - 	Entry: C:\Users\smrutip\Downloads\eclipse\plugins\javax.annotation_1.3.5.v20221203-1659.jar
2023-11-02 10:17:40,016 [Worker-22: Launching mavenrun-b26844af-6c21-4db3-83e5-668d387973d5] INFO  o.eclipse.m2e.core.internal.Bundles - getClasspathEntries(Bundle=org.apache.commons.cli_1.4.0.v20221112-0806 [67])
2023-11-02 10:17:40,017 [Worker-22: Launching mavenrun-b26844af-6c21-4db3-83e5-668d387973d5] INFO  o.eclipse.m2e.core.internal.Bundles - 	Entry: C:\Users\smrutip\Downloads\eclipse\plugins\org.apache.commons.cli_1.4.0.v20221112-0806.jar
2023-11-02 10:17:40,017 [Worker-22: Launching mavenrun-b26844af-6c21-4db3-83e5-668d387973d5] INFO  o.eclipse.m2e.core.internal.Bundles - getClasspathEntries(Bundle=com.google.guava.failureaccess_1.0.1 [13])
2023-11-02 10:17:40,018 [Worker-22: Launching mavenrun-b26844af-6c21-4db3-83e5-668d387973d5] INFO  o.eclipse.m2e.core.internal.Bundles - 	Entry: C:\Users\smrutip\Downloads\eclipse\plugins\com.google.guava.failureaccess_1.0.1.jar
2023-11-02 10:17:40,027 [Worker-22: Launching mavenrun-b26844af-6c21-4db3-83e5-668d387973d5] INFO  o.e.m.i.launch.MavenLaunchDelegate - Run build in "C:\Users\smrutip\AppData\Local\Temp\m2e-archetypeGenerator11496728512742629622":
2023-11-02 10:17:40,030 [Worker-22: Launching mavenrun-b26844af-6c21-4db3-83e5-668d387973d5] INFO  o.e.m.i.launch.MavenLaunchDelegate -  mvn  -DarchetypeGroupId=de.bripkens -DarchetypeArtifactId=java-quickstart -DarchetypeVersion=0.2.0 -DgroupId=Infinite -DartifactId=DesignPatterns -Dversion=0.0.1-SNAPSHOT -Dpackage=com.java.dsp -DoutputDirectory="D:\Infinite JAVA\Ejb2" -Dstyle.color=always -U archetype:generate
2023-11-02 10:18:50,158 [Worker-4: Creating java-quickstart] INFO  o.e.m.c.i.p.ProjectConfigurationManager - Collecting project info '/pom.xml' D:\Infinite JAVA\Ejb2\DesignPatterns\pom.xml
2023-11-02 10:18:56,037 [Worker-4: Creating java-quickstart] INFO  o.e.m.c.i.l.LifecycleMappingFactory - Using org.eclipse.m2e.jdt.JarLifecycleMapping lifecycle mapping for MavenProject: Infinite:DesignPatterns:0.0.1-SNAPSHOT @ D:\Infinite JAVA\Ejb2\DesignPatterns\pom.xml.
2023-11-02 10:18:57,746 [Worker-4: Creating java-quickstart] INFO  o.e.m.j.i.AbstractJavaProjectConfigurator - Adding source folder /DesignPatterns/src/main/java
2023-11-02 10:18:57,767 [Worker-4: Creating java-quickstart] INFO  o.e.m.j.i.AbstractJavaProjectConfigurator - Adding source folder /DesignPatterns/src/test/java
2023-11-02 10:18:58,739 [Worker-4: Creating java-quickstart] INFO  o.e.m.c.i.embedder.EclipseLogger - Using 'UTF-8' encoding to copy filtered resources.
2023-11-02 10:18:58,740 [Worker-4: Creating java-quickstart] INFO  o.e.m.c.i.embedder.EclipseLogger - skip non existing resourceDirectory D:\Infinite JAVA\Ejb2\DesignPatterns\src\main\resources
2023-11-02 10:18:58,744 [Worker-4: Creating java-quickstart] INFO  o.e.m.c.i.embedder.EclipseLogger - Using 'UTF-8' encoding to copy filtered resources.
2023-11-02 10:18:58,744 [Worker-4: Creating java-quickstart] INFO  o.e.m.c.i.embedder.EclipseLogger - skip non existing resourceDirectory D:\Infinite JAVA\Ejb2\DesignPatterns\src\test\resources
2023-11-02 10:18:59,066 [Worker-4: Creating java-quickstart] INFO  o.e.m.c.i.p.ProjectConfigurationManager - Imported and configured 1 project(s) in 8 sec
2023-11-02 10:20:30,284 [Worker-24: Building] INFO  o.e.m.c.i.embedder.EclipseLogger - Using 'UTF-8' encoding to copy filtered resources.
2023-11-02 10:20:30,285 [Worker-24: Building] INFO  o.e.m.c.i.embedder.EclipseLogger - skip non existing resourceDirectory D:\Infinite JAVA\Ejb2\DesignPatterns\src\main\resources
2023-11-02 10:20:30,289 [Worker-24: Building] INFO  o.e.m.c.i.embedder.EclipseLogger - Using 'UTF-8' encoding to copy filtered resources.
2023-11-02 10:20:30,290 [Worker-24: Building] INFO  o.e.m.c.i.embedder.EclipseLogger - skip non existing resourceDirectory D:\Infinite JAVA\Ejb2\DesignPatterns\src\test\resources
2023-11-02 10:25:46,390 [Worker-28: Building] INFO  o.e.m.c.i.embedder.EclipseLogger - Using 'UTF-8' encoding to copy filtered resources.
2023-11-02 10:25:46,390 [Worker-28: Building] INFO  o.e.m.c.i.embedder.EclipseLogger - skip non existing resourceDirectory D:\Infinite JAVA\Ejb2\DesignPatterns\src\main\resources
2023-11-02 10:25:46,394 [Worker-28: Building] INFO  o.e.m.c.i.embedder.EclipseLogger - Using 'UTF-8' encoding to copy filtered resources.
2023-11-02 10:25:46,394 [Worker-28: Building] INFO  o.e.m.c.i.embedder.EclipseLogger - skip non existing resourceDirectory D:\Infinite JAVA\Ejb2\DesignPatterns\src\test\resources
2023-11-02 10:28:03,258 [Worker-25: Launching SingleTonExample] INFO  o.e.m.c.i.embedder.EclipseLogger - Using 'UTF-8' encoding to copy filtered resources.
2023-11-02 10:28:03,258 [Worker-25: Launching SingleTonExample] INFO  o.e.m.c.i.embedder.EclipseLogger - skip non existing resourceDirectory D:\Infinite JAVA\Ejb2\DesignPatterns\src\main\resources
2023-11-02 10:28:03,261 [Worker-25: Launching SingleTonExample] INFO  o.e.m.c.i.embedder.EclipseLogger - Using 'UTF-8' encoding to copy filtered resources.
2023-11-02 10:28:03,261 [Worker-25: Launching SingleTonExample] INFO  o.e.m.c.i.embedder.EclipseLogger - skip non existing resourceDirectory D:\Infinite JAVA\Ejb2\DesignPatterns\src\test\resources
2023-11-02 10:30:11,606 [Worker-31: Building] INFO  o.e.m.c.i.embedder.EclipseLogger - Using 'UTF-8' encoding to copy filtered resources.
2023-11-02 10:30:11,607 [Worker-31: Building] INFO  o.e.m.c.i.embedder.EclipseLogger - skip non existing resourceDirectory D:\Infinite JAVA\Ejb2\DesignPatterns\src\main\resources
2023-11-02 10:30:11,611 [Worker-31: Building] INFO  o.e.m.c.i.embedder.EclipseLogger - Using 'UTF-8' encoding to copy filtered resources.
2023-11-02 10:30:11,611 [Worker-31: Building] INFO  o.e.m.c.i.embedder.EclipseLogger - skip non existing resourceDirectory D:\Infinite JAVA\Ejb2\DesignPatterns\src\test\resources
2023-11-02 10:41:30,120 [Worker-34: Building] INFO  o.e.m.c.i.embedder.EclipseLogger - Using 'UTF-8' encoding to copy filtered resources.
2023-11-02 10:41:30,121 [Worker-34: Building] INFO  o.e.m.c.i.embedder.EclipseLogger - skip non existing resourceDirectory D:\Infinite JAVA\Ejb2\DesignPatterns\src\main\resources
2023-11-02 10:41:30,124 [Worker-34: Building] INFO  o.e.m.c.i.embedder.EclipseLogger - Using 'UTF-8' encoding to copy filtered resources.
2023-11-02 10:41:30,125 [Worker-34: Building] INFO  o.e.m.c.i.embedder.EclipseLogger - skip non existing resourceDirectory D:\Infinite JAVA\Ejb2\DesignPatterns\src\test\resources
2023-11-02 10:43:31,176 [Worker-33: Launching SingleTonExample2] INFO  o.e.m.c.i.embedder.EclipseLogger - Using 'UTF-8' encoding to copy filtered resources.
2023-11-02 10:43:31,176 [Worker-33: Launching SingleTonExample2] INFO  o.e.m.c.i.embedder.EclipseLogger - skip non existing resourceDirectory D:\Infinite JAVA\Ejb2\DesignPatterns\src\main\resources
2023-11-02 10:43:31,179 [Worker-33: Launching SingleTonExample2] INFO  o.e.m.c.i.embedder.EclipseLogger - Using 'UTF-8' encoding to copy filtered resources.
2023-11-02 10:43:31,180 [Worker-33: Launching SingleTonExample2] INFO  o.e.m.c.i.embedder.EclipseLogger - skip non existing resourceDirectory D:\Infinite JAVA\Ejb2\DesignPatterns\src\test\resources
2023-11-02 10:46:55,102 [Worker-39: Building] INFO  o.e.m.c.i.embedder.EclipseLogger - Using 'UTF-8' encoding to copy filtered resources.
2023-11-02 10:46:55,102 [Worker-39: Building] INFO  o.e.m.c.i.embedder.EclipseLogger - skip non existing resourceDirectory D:\Infinite JAVA\Ejb2\DesignPatterns\src\main\resources
2023-11-02 10:46:55,106 [Worker-39: Building] INFO  o.e.m.c.i.embedder.EclipseLogger - Using 'UTF-8' encoding to copy filtered resources.
2023-11-02 10:46:55,106 [Worker-39: Building] INFO  o.e.m.c.i.embedder.EclipseLogger - skip non existing resourceDirectory D:\Infinite JAVA\Ejb2\DesignPatterns\src\test\resources
2023-11-02 10:55:39,630 [Worker-41: Building] INFO  o.e.m.c.i.embedder.EclipseLogger - Using 'UTF-8' encoding to copy filtered resources.
2023-11-02 10:55:39,630 [Worker-41: Building] INFO  o.e.m.c.i.embedder.EclipseLogger - skip non existing resourceDirectory D:\Infinite JAVA\Ejb2\DesignPatterns\src\main\resources
2023-11-02 10:55:39,634 [Worker-41: Building] INFO  o.e.m.c.i.embedder.EclipseLogger - Using 'UTF-8' encoding to copy filtered resources.
2023-11-02 10:55:39,634 [Worker-41: Building] INFO  o.e.m.c.i.embedder.EclipseLogger - skip non existing resourceDirectory D:\Infinite JAVA\Ejb2\DesignPatterns\src\test\resources
2023-11-02 10:56:58,272 [Worker-41: Building] INFO  o.e.m.c.i.embedder.EclipseLogger - Using 'UTF-8' encoding to copy filtered resources.
2023-11-02 10:56:58,273 [Worker-41: Building] INFO  o.e.m.c.i.embedder.EclipseLogger - skip non existing resourceDirectory D:\Infinite JAVA\Ejb2\DesignPatterns\src\main\resources
2023-11-02 10:56:58,274 [Worker-41: Building] INFO  o.e.m.c.i.embedder.EclipseLogger - Using 'UTF-8' encoding to copy filtered resources.
2023-11-02 10:56:58,275 [Worker-41: Building] INFO  o.e.m.c.i.embedder.EclipseLogger - skip non existing resourceDirectory D:\Infinite JAVA\Ejb2\DesignPatterns\src\test\resources
2023-11-02 11:01:48,153 [Worker-42: Building] INFO  o.e.m.c.i.embedder.EclipseLogger - Using 'UTF-8' encoding to copy filtered resources.
2023-11-02 11:01:48,153 [Worker-42: Building] INFO  o.e.m.c.i.embedder.EclipseLogger - skip non existing resourceDirectory D:\Infinite JAVA\Ejb2\DesignPatterns\src\main\resources
2023-11-02 11:01:48,157 [Worker-42: Building] INFO  o.e.m.c.i.embedder.EclipseLogger - Using 'UTF-8' encoding to copy filtered resources.
2023-11-02 11:01:48,157 [Worker-42: Building] INFO  o.e.m.c.i.embedder.EclipseLogger - skip non existing resourceDirectory D:\Infinite JAVA\Ejb2\DesignPatterns\src\test\resources
2023-11-02 11:02:12,112 [Worker-44: Building] INFO  o.e.m.c.i.embedder.EclipseLogger - Using 'UTF-8' encoding to copy filtered resources.
2023-11-02 11:02:12,112 [Worker-44: Building] INFO  o.e.m.c.i.embedder.EclipseLogger - skip non existing resourceDirectory D:\Infinite JAVA\Ejb2\DesignPatterns\src\main\resources
2023-11-02 11:02:12,115 [Worker-44: Building] INFO  o.e.m.c.i.embedder.EclipseLogger - Using 'UTF-8' encoding to copy filtered resources.
2023-11-02 11:02:12,115 [Worker-44: Building] INFO  o.e.m.c.i.embedder.EclipseLogger - skip non existing resourceDirectory D:\Infinite JAVA\Ejb2\DesignPatterns\src\test\resources
2023-11-02 11:05:28,763 [Worker-43: Building] INFO  o.e.m.c.i.embedder.EclipseLogger - Using 'UTF-8' encoding to copy filtered resources.
2023-11-02 11:05:28,763 [Worker-43: Building] INFO  o.e.m.c.i.embedder.EclipseLogger - skip non existing resourceDirectory D:\Infinite JAVA\Ejb2\DesignPatterns\src\main\resources
2023-11-02 11:05:28,765 [Worker-43: Building] INFO  o.e.m.c.i.embedder.EclipseLogger - Using 'UTF-8' encoding to copy filtered resources.
2023-11-02 11:05:28,765 [Worker-43: Building] INFO  o.e.m.c.i.embedder.EclipseLogger - skip non existing resourceDirectory D:\Infinite JAVA\Ejb2\DesignPatterns\src\test\resources
2023-11-02 11:11:37,531 [Worker-39: Building] INFO  o.e.m.c.i.embedder.EclipseLogger - Using 'UTF-8' encoding to copy filtered resources.
2023-11-02 11:11:37,531 [Worker-39: Building] INFO  o.e.m.c.i.embedder.EclipseLogger - skip non existing resourceDirectory D:\Infinite JAVA\Ejb2\DesignPatterns\src\main\resources
2023-11-02 11:11:37,535 [Worker-39: Building] INFO  o.e.m.c.i.embedder.EclipseLogger - Using 'UTF-8' encoding to copy filtered resources.
2023-11-02 11:11:37,535 [Worker-39: Building] INFO  o.e.m.c.i.embedder.EclipseLogger - skip non existing resourceDirectory D:\Infinite JAVA\Ejb2\DesignPatterns\src\test\resources
2023-11-02 11:41:26,758 [Worker-54: Building] INFO  o.e.m.c.i.embedder.EclipseLogger - Using 'UTF-8' encoding to copy filtered resources.
2023-11-02 11:41:26,758 [Worker-54: Building] INFO  o.e.m.c.i.embedder.EclipseLogger - skip non existing resourceDirectory D:\Infinite JAVA\Ejb2\DesignPatterns\src\main\resources
2023-11-02 11:41:26,761 [Worker-54: Building] INFO  o.e.m.c.i.embedder.EclipseLogger - Using 'UTF-8' encoding to copy filtered resources.
2023-11-02 11:41:26,761 [Worker-54: Building] INFO  o.e.m.c.i.embedder.EclipseLogger - skip non existing resourceDirectory D:\Infinite JAVA\Ejb2\DesignPatterns\src\test\resources
2023-11-02 12:03:25,941 [Worker-0: Loading available Gradle versions] INFO  o.e.b.c.i.u.g.PublishedGradleVersions - Gradle version information cache is up-to-date. Trying to read.
