2023-10-16 15:17:53,564 [Worker-4: Loading available Gradle versions] INFO  o.e.b.c.i.u.g.PublishedGradleVersions - Gradle version information cache is up-to-date. Trying to read.
2023-10-16 15:33:18,889 [Worker-30: Launching mavenrun-26e9f059-6fd1-4e21-9f62-a130b680e321] INFO  o.eclipse.m2e.core.internal.Bundles - getClasspathEntries(Bundle=org.eclipse.m2e.maven.runtime_3.8.701.20230209-1606 [610])
2023-10-16 15:33:18,938 [Worker-30: Launching mavenrun-26e9f059-6fd1-4e21-9f62-a130b680e321] INFO  o.eclipse.m2e.core.internal.Bundles - 	Entry: C:\Users\smrutip\Downloads\eclipse\plugins\org.eclipse.m2e.maven.runtime_3.8.701.20230209-1606
2023-10-16 15:33:18,939 [Worker-30: Launching mavenrun-26e9f059-6fd1-4e21-9f62-a130b680e321] INFO  o.eclipse.m2e.core.internal.Bundles - 	Entry: C:\Users\smrutip\Downloads\eclipse\plugins\org.eclipse.m2e.maven.runtime_3.8.701.20230209-1606\jars\aether-connector-okhttp-0.17.8.jar
2023-10-16 15:33:18,940 [Worker-30: Launching mavenrun-26e9f059-6fd1-4e21-9f62-a130b680e321] INFO  o.eclipse.m2e.core.internal.Bundles - 	Entry: C:\Users\smrutip\Downloads\eclipse\plugins\org.eclipse.m2e.maven.runtime_3.8.701.20230209-1606\jars\commons-lang3-3.8.1.jar
2023-10-16 15:33:18,941 [Worker-30: Launching mavenrun-26e9f059-6fd1-4e21-9f62-a130b680e321] INFO  o.eclipse.m2e.core.internal.Bundles - 	Entry: C:\Users\smrutip\Downloads\eclipse\plugins\org.eclipse.m2e.maven.runtime_3.8.701.20230209-1606\jars\guice-4.2.2-no_aop.jar
2023-10-16 15:33:18,942 [Worker-30: Launching mavenrun-26e9f059-6fd1-4e21-9f62-a130b680e321] INFO  o.eclipse.m2e.core.internal.Bundles - 	Entry: C:\Users\smrutip\Downloads\eclipse\plugins\org.eclipse.m2e.maven.runtime_3.8.701.20230209-1606\jars\jansi-2.4.0.jar
2023-10-16 15:33:18,942 [Worker-30: Launching mavenrun-26e9f059-6fd1-4e21-9f62-a130b680e321] INFO  o.eclipse.m2e.core.internal.Bundles - 	Entry: C:\Users\smrutip\Downloads\eclipse\plugins\org.eclipse.m2e.maven.runtime_3.8.701.20230209-1606\jars\maven-artifact-3.8.7.jar
2023-10-16 15:33:18,942 [Worker-30: Launching mavenrun-26e9f059-6fd1-4e21-9f62-a130b680e321] INFO  o.eclipse.m2e.core.internal.Bundles - 	Entry: C:\Users\smrutip\Downloads\eclipse\plugins\org.eclipse.m2e.maven.runtime_3.8.701.20230209-1606\jars\maven-builder-support-3.8.7.jar
2023-10-16 15:33:18,943 [Worker-30: Launching mavenrun-26e9f059-6fd1-4e21-9f62-a130b680e321] INFO  o.eclipse.m2e.core.internal.Bundles - 	Entry: C:\Users\smrutip\Downloads\eclipse\plugins\org.eclipse.m2e.maven.runtime_3.8.701.20230209-1606\jars\maven-compat-3.8.7.jar
2023-10-16 15:33:18,943 [Worker-30: Launching mavenrun-26e9f059-6fd1-4e21-9f62-a130b680e321] INFO  o.eclipse.m2e.core.internal.Bundles - 	Entry: C:\Users\smrutip\Downloads\eclipse\plugins\org.eclipse.m2e.maven.runtime_3.8.701.20230209-1606\jars\maven-core-3.8.7.jar
2023-10-16 15:33:18,943 [Worker-30: Launching mavenrun-26e9f059-6fd1-4e21-9f62-a130b680e321] INFO  o.eclipse.m2e.core.internal.Bundles - 	Entry: C:\Users\smrutip\Downloads\eclipse\plugins\org.eclipse.m2e.maven.runtime_3.8.701.20230209-1606\jars\maven-embedder-3.8.7.jar
2023-10-16 15:33:18,943 [Worker-30: Launching mavenrun-26e9f059-6fd1-4e21-9f62-a130b680e321] INFO  o.eclipse.m2e.core.internal.Bundles - 	Entry: C:\Users\smrutip\Downloads\eclipse\plugins\org.eclipse.m2e.maven.runtime_3.8.701.20230209-1606\jars\maven-model-3.8.7.jar
2023-10-16 15:33:18,943 [Worker-30: Launching mavenrun-26e9f059-6fd1-4e21-9f62-a130b680e321] INFO  o.eclipse.m2e.core.internal.Bundles - 	Entry: C:\Users\smrutip\Downloads\eclipse\plugins\org.eclipse.m2e.maven.runtime_3.8.701.20230209-1606\jars\maven-model-builder-3.8.7.jar
2023-10-16 15:33:18,943 [Worker-30: Launching mavenrun-26e9f059-6fd1-4e21-9f62-a130b680e321] INFO  o.eclipse.m2e.core.internal.Bundles - 	Entry: C:\Users\smrutip\Downloads\eclipse\plugins\org.eclipse.m2e.maven.runtime_3.8.701.20230209-1606\jars\maven-plugin-api-3.8.7.jar
2023-10-16 15:33:18,944 [Worker-30: Launching mavenrun-26e9f059-6fd1-4e21-9f62-a130b680e321] INFO  o.eclipse.m2e.core.internal.Bundles - 	Entry: C:\Users\smrutip\Downloads\eclipse\plugins\org.eclipse.m2e.maven.runtime_3.8.701.20230209-1606\jars\maven-repository-metadata-3.8.7.jar
2023-10-16 15:33:18,944 [Worker-30: Launching mavenrun-26e9f059-6fd1-4e21-9f62-a130b680e321] INFO  o.eclipse.m2e.core.internal.Bundles - 	Entry: C:\Users\smrutip\Downloads\eclipse\plugins\org.eclipse.m2e.maven.runtime_3.8.701.20230209-1606\jars\maven-resolver-api-1.6.3.jar
2023-10-16 15:33:18,944 [Worker-30: Launching mavenrun-26e9f059-6fd1-4e21-9f62-a130b680e321] INFO  o.eclipse.m2e.core.internal.Bundles - 	Entry: C:\Users\smrutip\Downloads\eclipse\plugins\org.eclipse.m2e.maven.runtime_3.8.701.20230209-1606\jars\maven-resolver-connector-basic-1.6.3.jar
2023-10-16 15:33:18,944 [Worker-30: Launching mavenrun-26e9f059-6fd1-4e21-9f62-a130b680e321] INFO  o.eclipse.m2e.core.internal.Bundles - 	Entry: C:\Users\smrutip\Downloads\eclipse\plugins\org.eclipse.m2e.maven.runtime_3.8.701.20230209-1606\jars\maven-resolver-impl-1.6.3.jar
2023-10-16 15:33:18,944 [Worker-30: Launching mavenrun-26e9f059-6fd1-4e21-9f62-a130b680e321] INFO  o.eclipse.m2e.core.internal.Bundles - 	Entry: C:\Users\smrutip\Downloads\eclipse\plugins\org.eclipse.m2e.maven.runtime_3.8.701.20230209-1606\jars\maven-resolver-provider-3.8.7.jar
2023-10-16 15:33:18,945 [Worker-30: Launching mavenrun-26e9f059-6fd1-4e21-9f62-a130b680e321] INFO  o.eclipse.m2e.core.internal.Bundles - 	Entry: C:\Users\smrutip\Downloads\eclipse\plugins\org.eclipse.m2e.maven.runtime_3.8.701.20230209-1606\jars\maven-resolver-spi-1.6.3.jar
2023-10-16 15:33:18,945 [Worker-30: Launching mavenrun-26e9f059-6fd1-4e21-9f62-a130b680e321] INFO  o.eclipse.m2e.core.internal.Bundles - 	Entry: C:\Users\smrutip\Downloads\eclipse\plugins\org.eclipse.m2e.maven.runtime_3.8.701.20230209-1606\jars\maven-resolver-transport-wagon-1.6.3.jar
2023-10-16 15:33:18,945 [Worker-30: Launching mavenrun-26e9f059-6fd1-4e21-9f62-a130b680e321] INFO  o.eclipse.m2e.core.internal.Bundles - 	Entry: C:\Users\smrutip\Downloads\eclipse\plugins\org.eclipse.m2e.maven.runtime_3.8.701.20230209-1606\jars\maven-resolver-util-1.6.3.jar
2023-10-16 15:33:18,945 [Worker-30: Launching mavenrun-26e9f059-6fd1-4e21-9f62-a130b680e321] INFO  o.eclipse.m2e.core.internal.Bundles - 	Entry: C:\Users\smrutip\Downloads\eclipse\plugins\org.eclipse.m2e.maven.runtime_3.8.701.20230209-1606\jars\maven-settings-3.8.7.jar
2023-10-16 15:33:18,945 [Worker-30: Launching mavenrun-26e9f059-6fd1-4e21-9f62-a130b680e321] INFO  o.eclipse.m2e.core.internal.Bundles - 	Entry: C:\Users\smrutip\Downloads\eclipse\plugins\org.eclipse.m2e.maven.runtime_3.8.701.20230209-1606\jars\maven-settings-builder-3.8.7.jar
2023-10-16 15:33:18,945 [Worker-30: Launching mavenrun-26e9f059-6fd1-4e21-9f62-a130b680e321] INFO  o.eclipse.m2e.core.internal.Bundles - 	Entry: C:\Users\smrutip\Downloads\eclipse\plugins\org.eclipse.m2e.maven.runtime_3.8.701.20230209-1606\jars\maven-shared-utils-3.3.4.jar
2023-10-16 15:33:18,945 [Worker-30: Launching mavenrun-26e9f059-6fd1-4e21-9f62-a130b680e321] INFO  o.eclipse.m2e.core.internal.Bundles - 	Entry: C:\Users\smrutip\Downloads\eclipse\plugins\org.eclipse.m2e.maven.runtime_3.8.701.20230209-1606\jars\okhttp-3.14.1.jar
2023-10-16 15:33:18,946 [Worker-30: Launching mavenrun-26e9f059-6fd1-4e21-9f62-a130b680e321] INFO  o.eclipse.m2e.core.internal.Bundles - 	Entry: C:\Users\smrutip\Downloads\eclipse\plugins\org.eclipse.m2e.maven.runtime_3.8.701.20230209-1606\jars\okio-1.17.3.jar
2023-10-16 15:33:18,946 [Worker-30: Launching mavenrun-26e9f059-6fd1-4e21-9f62-a130b680e321] INFO  o.eclipse.m2e.core.internal.Bundles - 	Entry: C:\Users\smrutip\Downloads\eclipse\plugins\org.eclipse.m2e.maven.runtime_3.8.701.20230209-1606\jars\org.eclipse.sisu.inject-0.3.5.jar
2023-10-16 15:33:18,946 [Worker-30: Launching mavenrun-26e9f059-6fd1-4e21-9f62-a130b680e321] INFO  o.eclipse.m2e.core.internal.Bundles - 	Entry: C:\Users\smrutip\Downloads\eclipse\plugins\org.eclipse.m2e.maven.runtime_3.8.701.20230209-1606\jars\org.eclipse.sisu.plexus-0.3.5.jar
2023-10-16 15:33:18,946 [Worker-30: Launching mavenrun-26e9f059-6fd1-4e21-9f62-a130b680e321] INFO  o.eclipse.m2e.core.internal.Bundles - 	Entry: C:\Users\smrutip\Downloads\eclipse\plugins\org.eclipse.m2e.maven.runtime_3.8.701.20230209-1606\jars\plexus-build-api-0.0.7.jar
2023-10-16 15:33:18,946 [Worker-30: Launching mavenrun-26e9f059-6fd1-4e21-9f62-a130b680e321] INFO  o.eclipse.m2e.core.internal.Bundles - 	Entry: C:\Users\smrutip\Downloads\eclipse\plugins\org.eclipse.m2e.maven.runtime_3.8.701.20230209-1606\jars\plexus-cipher-2.0.jar
2023-10-16 15:33:18,946 [Worker-30: Launching mavenrun-26e9f059-6fd1-4e21-9f62-a130b680e321] INFO  o.eclipse.m2e.core.internal.Bundles - 	Entry: C:\Users\smrutip\Downloads\eclipse\plugins\org.eclipse.m2e.maven.runtime_3.8.701.20230209-1606\jars\plexus-classworlds-2.6.0.jar
2023-10-16 15:33:18,947 [Worker-30: Launching mavenrun-26e9f059-6fd1-4e21-9f62-a130b680e321] INFO  o.eclipse.m2e.core.internal.Bundles - 	Entry: C:\Users\smrutip\Downloads\eclipse\plugins\org.eclipse.m2e.maven.runtime_3.8.701.20230209-1606\jars\plexus-component-annotations-2.1.0.jar
2023-10-16 15:33:18,947 [Worker-30: Launching mavenrun-26e9f059-6fd1-4e21-9f62-a130b680e321] INFO  o.eclipse.m2e.core.internal.Bundles - 	Entry: C:\Users\smrutip\Downloads\eclipse\plugins\org.eclipse.m2e.maven.runtime_3.8.701.20230209-1606\jars\plexus-interpolation-1.26.jar
2023-10-16 15:33:18,947 [Worker-30: Launching mavenrun-26e9f059-6fd1-4e21-9f62-a130b680e321] INFO  o.eclipse.m2e.core.internal.Bundles - 	Entry: C:\Users\smrutip\Downloads\eclipse\plugins\org.eclipse.m2e.maven.runtime_3.8.701.20230209-1606\jars\plexus-sec-dispatcher-2.0.jar
2023-10-16 15:33:18,947 [Worker-30: Launching mavenrun-26e9f059-6fd1-4e21-9f62-a130b680e321] INFO  o.eclipse.m2e.core.internal.Bundles - 	Entry: C:\Users\smrutip\Downloads\eclipse\plugins\org.eclipse.m2e.maven.runtime_3.8.701.20230209-1606\jars\plexus-utils-3.3.1.jar
2023-10-16 15:33:18,947 [Worker-30: Launching mavenrun-26e9f059-6fd1-4e21-9f62-a130b680e321] INFO  o.eclipse.m2e.core.internal.Bundles - 	Entry: C:\Users\smrutip\Downloads\eclipse\plugins\org.eclipse.m2e.maven.runtime_3.8.701.20230209-1606\jars\wagon-file-3.5.3.jar
2023-10-16 15:33:18,947 [Worker-30: Launching mavenrun-26e9f059-6fd1-4e21-9f62-a130b680e321] INFO  o.eclipse.m2e.core.internal.Bundles - 	Entry: C:\Users\smrutip\Downloads\eclipse\plugins\org.eclipse.m2e.maven.runtime_3.8.701.20230209-1606\jars\wagon-provider-api-3.5.3.jar
2023-10-16 15:33:18,949 [Worker-30: Launching mavenrun-26e9f059-6fd1-4e21-9f62-a130b680e321] INFO  o.eclipse.m2e.core.internal.Bundles - getClasspathEntries(Bundle=com.google.guava_32.1.2.jre [1332])
2023-10-16 15:33:18,950 [Worker-30: Launching mavenrun-26e9f059-6fd1-4e21-9f62-a130b680e321] INFO  o.eclipse.m2e.core.internal.Bundles - 	Entry: C:\Users\smrutip\Downloads\eclipse\plugins\com.google.guava_32.1.2.jre.jar
2023-10-16 15:33:18,950 [Worker-30: Launching mavenrun-26e9f059-6fd1-4e21-9f62-a130b680e321] INFO  o.eclipse.m2e.core.internal.Bundles - getClasspathEntries(Bundle=slf4j.api_1.7.36 [924])
2023-10-16 15:33:18,951 [Worker-30: Launching mavenrun-26e9f059-6fd1-4e21-9f62-a130b680e321] INFO  o.eclipse.m2e.core.internal.Bundles - 	Entry: C:\Users\smrutip\Downloads\eclipse\plugins\slf4j.api_1.7.36.jar
2023-10-16 15:33:18,951 [Worker-30: Launching mavenrun-26e9f059-6fd1-4e21-9f62-a130b680e321] INFO  o.eclipse.m2e.core.internal.Bundles - getClasspathEntries(Bundle=javax.inject_1.0.0.v20220405-0441 [35])
2023-10-16 15:33:19,191 [Worker-30: Launching mavenrun-26e9f059-6fd1-4e21-9f62-a130b680e321] INFO  o.eclipse.m2e.core.internal.Bundles - 	Entry: C:\Users\smrutip\Downloads\eclipse\plugins\javax.inject_1.0.0.v20220405-0441.jar
2023-10-16 15:33:19,191 [Worker-30: Launching mavenrun-26e9f059-6fd1-4e21-9f62-a130b680e321] INFO  o.eclipse.m2e.core.internal.Bundles - getClasspathEntries(Bundle=javax.annotation_1.3.5.v20221203-1659 [33])
2023-10-16 15:33:19,539 [Worker-30: Launching mavenrun-26e9f059-6fd1-4e21-9f62-a130b680e321] INFO  o.eclipse.m2e.core.internal.Bundles - 	Entry: C:\Users\smrutip\Downloads\eclipse\plugins\javax.annotation_1.3.5.v20221203-1659.jar
2023-10-16 15:33:19,539 [Worker-30: Launching mavenrun-26e9f059-6fd1-4e21-9f62-a130b680e321] INFO  o.eclipse.m2e.core.internal.Bundles - getClasspathEntries(Bundle=org.apache.commons.cli_1.4.0.v20221112-0806 [67])
2023-10-16 15:33:19,547 [Worker-30: Launching mavenrun-26e9f059-6fd1-4e21-9f62-a130b680e321] INFO  o.eclipse.m2e.core.internal.Bundles - 	Entry: C:\Users\smrutip\Downloads\eclipse\plugins\org.apache.commons.cli_1.4.0.v20221112-0806.jar
2023-10-16 15:33:19,548 [Worker-30: Launching mavenrun-26e9f059-6fd1-4e21-9f62-a130b680e321] INFO  o.eclipse.m2e.core.internal.Bundles - getClasspathEntries(Bundle=com.google.guava.failureaccess_1.0.1 [13])
2023-10-16 15:33:19,654 [Worker-30: Launching mavenrun-26e9f059-6fd1-4e21-9f62-a130b680e321] INFO  o.eclipse.m2e.core.internal.Bundles - 	Entry: C:\Users\smrutip\Downloads\eclipse\plugins\com.google.guava.failureaccess_1.0.1.jar
2023-10-16 15:33:19,665 [Worker-30: Launching mavenrun-26e9f059-6fd1-4e21-9f62-a130b680e321] INFO  o.e.m.i.launch.MavenLaunchDelegate - Run build in "C:\Users\smrutip\AppData\Local\Temp\m2e-archetypeGenerator6316337033816877497":
2023-10-16 15:33:19,668 [Worker-30: Launching mavenrun-26e9f059-6fd1-4e21-9f62-a130b680e321] INFO  o.e.m.i.launch.MavenLaunchDelegate -  mvn  -DarchetypeGroupId=de.bripkens -DarchetypeArtifactId=java-quickstart -DarchetypeVersion=0.2.0 -DgroupId=infinite -DartifactId=CalculatorClient -Dversion=0.0.1-SNAPSHOT -Dpackage=com.java.ejb -DoutputDirectory="D:\Infinite JAVA\EjbDemo" -Dstyle.color=always -U archetype:generate
2023-10-16 15:33:46,689 [Worker-33: Creating java-quickstart] INFO  o.e.m.c.i.p.ProjectConfigurationManager - Collecting project info '/pom.xml' D:\Infinite JAVA\EjbDemo\CalculatorClient\pom.xml
2023-10-16 15:33:55,565 [Worker-33: Creating java-quickstart] INFO  o.e.m.c.i.l.LifecycleMappingFactory - Using org.eclipse.m2e.jdt.JarLifecycleMapping lifecycle mapping for MavenProject: infinite:CalculatorClient:0.0.1-SNAPSHOT @ D:\Infinite JAVA\EjbDemo\CalculatorClient\pom.xml.
2023-10-16 15:33:57,850 [Worker-33: Creating java-quickstart] INFO  o.e.m.j.i.AbstractJavaProjectConfigurator - Adding source folder /CalculatorClient/src/main/java
2023-10-16 15:33:57,870 [Worker-33: Creating java-quickstart] INFO  o.e.m.j.i.AbstractJavaProjectConfigurator - Adding source folder /CalculatorClient/src/test/java
2023-10-16 15:33:58,979 [Worker-33: Creating java-quickstart] INFO  o.e.m.c.i.embedder.EclipseLogger - Using 'UTF-8' encoding to copy filtered resources.
2023-10-16 15:33:58,980 [Worker-33: Creating java-quickstart] INFO  o.e.m.c.i.embedder.EclipseLogger - skip non existing resourceDirectory D:\Infinite JAVA\EjbDemo\CalculatorClient\src\main\resources
2023-10-16 15:33:58,983 [Worker-33: Creating java-quickstart] INFO  o.e.m.c.i.embedder.EclipseLogger - Using 'UTF-8' encoding to copy filtered resources.
2023-10-16 15:33:58,983 [Worker-33: Creating java-quickstart] INFO  o.e.m.c.i.embedder.EclipseLogger - skip non existing resourceDirectory D:\Infinite JAVA\EjbDemo\CalculatorClient\src\test\resources
2023-10-16 15:33:59,289 [Worker-33: Creating java-quickstart] INFO  o.e.m.c.i.p.ProjectConfigurationManager - Imported and configured 1 project(s) in 12 sec
2023-10-16 15:33:59,331 [Worker-20: Updating Maven Project] INFO  o.e.m.c.i.p.ProjectConfigurationManager - Update started
2023-10-16 15:33:59,715 [Worker-20: Updating Maven Project] INFO  o.e.m.c.i.l.LifecycleMappingFactory - Using org.eclipse.m2e.jdt.JarLifecycleMapping lifecycle mapping for MavenProject: infinite:CalculatorClient:0.0.1-SNAPSHOT @ D:\Infinite JAVA\EjbDemo\CalculatorClient\pom.xml.
2023-10-16 15:33:59,941 [Worker-20: Updating Maven Project] INFO  o.e.m.j.i.AbstractJavaProjectConfigurator - Adding source folder /CalculatorClient/src/main/java
2023-10-16 15:33:59,942 [Worker-20: Updating Maven Project] INFO  o.e.m.j.i.AbstractJavaProjectConfigurator - Adding source folder /CalculatorClient/src/test/java
2023-10-16 15:34:00,126 [Worker-20: Updating Maven Project] INFO  o.e.m.c.i.embedder.EclipseLogger - Using 'UTF-8' encoding to copy filtered resources.
2023-10-16 15:34:00,126 [Worker-20: Updating Maven Project] INFO  o.e.m.c.i.embedder.EclipseLogger - skip non existing resourceDirectory D:\Infinite JAVA\EjbDemo\CalculatorClient\src\main\resources
2023-10-16 15:34:00,129 [Worker-20: Updating Maven Project] INFO  o.e.m.c.i.embedder.EclipseLogger - Using 'UTF-8' encoding to copy filtered resources.
2023-10-16 15:34:00,130 [Worker-20: Updating Maven Project] INFO  o.e.m.c.i.embedder.EclipseLogger - skip non existing resourceDirectory D:\Infinite JAVA\EjbDemo\CalculatorClient\src\test\resources
2023-10-16 15:34:00,337 [Worker-20: Updating Maven Project] INFO  o.e.m.c.i.p.ProjectConfigurationManager - Update completed for 1 poms: local refresh takes 0.00 sec, refresh facades takes 0.00 sec, update config takes 0.00 sec 
2023-10-16 15:34:00,500 [Worker-30: Building] INFO  o.e.m.c.i.embedder.EclipseLogger - Using 'UTF-8' encoding to copy filtered resources.
2023-10-16 15:34:00,501 [Worker-30: Building] INFO  o.e.m.c.i.embedder.EclipseLogger - skip non existing resourceDirectory D:\Infinite JAVA\EjbDemo\CalculatorClient\src\main\resources
2023-10-16 15:34:00,503 [Worker-30: Building] INFO  o.e.m.c.i.embedder.EclipseLogger - Using 'UTF-8' encoding to copy filtered resources.
2023-10-16 15:34:00,503 [Worker-30: Building] INFO  o.e.m.c.i.embedder.EclipseLogger - skip non existing resourceDirectory D:\Infinite JAVA\EjbDemo\CalculatorClient\src\test\resources
2023-10-16 15:34:24,481 [Worker-37: Building] INFO  o.e.m.c.i.embedder.EclipseLogger - Using 'UTF-8' encoding to copy filtered resources.
2023-10-16 15:34:24,481 [Worker-37: Building] INFO  o.e.m.c.i.embedder.EclipseLogger - skip non existing resourceDirectory D:\Infinite JAVA\EjbDemo\CalculatorClient\src\main\resources
2023-10-16 15:34:24,484 [Worker-37: Building] INFO  o.e.m.c.i.embedder.EclipseLogger - Using 'UTF-8' encoding to copy filtered resources.
2023-10-16 15:34:24,485 [Worker-37: Building] INFO  o.e.m.c.i.embedder.EclipseLogger - skip non existing resourceDirectory D:\Infinite JAVA\EjbDemo\CalculatorClient\src\test\resources
2023-10-16 15:40:09,682 [Worker-30: Building] INFO  o.e.m.c.i.l.LifecycleMappingFactory - Using org.maven.ide.eclipse.wtp.WarLifecycleMapping lifecycle mapping for MavenProject: infinite:CalculatorClient:0.0.1-SNAPSHOT @ C:\Users\smrutip\Downloads\1\CalculatorClient\pom.xml.
2023-10-16 15:40:25,991 [Worker-30: Building] INFO  o.e.m.c.i.embedder.EclipseLogger - Using 'UTF-8' encoding to copy filtered resources.
2023-10-16 15:40:25,994 [Worker-30: Building] INFO  o.e.m.c.i.embedder.EclipseLogger - Copying 0 resource
2023-10-16 15:40:25,997 [Worker-30: Building] INFO  o.e.m.c.i.embedder.EclipseLogger - Using 'UTF-8' encoding to copy filtered resources.
2023-10-16 15:40:25,997 [Worker-30: Building] INFO  o.e.m.c.i.embedder.EclipseLogger - skip non existing resourceDirectory C:\Users\smrutip\Downloads\1\CalculatorClient\src\test\resources
2023-10-16 15:40:42,009 [Worker-30: Building] INFO  o.e.m.c.i.embedder.EclipseLogger - Using 'UTF-8' encoding to copy filtered resources.
2023-10-16 15:40:42,009 [Worker-30: Building] INFO  o.e.m.c.i.embedder.EclipseLogger - Copying 0 resource
2023-10-16 15:40:42,013 [Worker-30: Building] INFO  o.e.m.c.i.embedder.EclipseLogger - Using 'UTF-8' encoding to copy filtered resources.
2023-10-16 15:40:42,013 [Worker-30: Building] INFO  o.e.m.c.i.embedder.EclipseLogger - skip non existing resourceDirectory C:\Users\smrutip\Downloads\1\CalculatorClient\src\test\resources
2023-10-16 16:34:00,327 [Worker-54: Building] INFO  o.e.m.c.i.embedder.EclipseLogger - Using 'UTF-8' encoding to copy filtered resources.
2023-10-16 16:34:00,330 [Worker-54: Building] INFO  o.e.m.c.i.embedder.EclipseLogger - Copying 0 resource
2023-10-16 16:34:00,332 [Worker-54: Building] INFO  o.e.m.c.i.embedder.EclipseLogger - Using 'UTF-8' encoding to copy filtered resources.
2023-10-16 16:34:00,332 [Worker-54: Building] INFO  o.e.m.c.i.embedder.EclipseLogger - skip non existing resourceDirectory C:\Users\smrutip\Downloads\1\CalculatorClient\src\test\resources
2023-10-16 16:44:51,439 [Worker-58: Building] INFO  o.e.m.c.i.embedder.EclipseLogger - Using 'UTF-8' encoding to copy filtered resources.
2023-10-16 16:44:51,439 [Worker-58: Building] INFO  o.e.m.c.i.embedder.EclipseLogger - Copying 0 resource
2023-10-16 16:44:51,442 [Worker-58: Building] INFO  o.e.m.c.i.embedder.EclipseLogger - Using 'UTF-8' encoding to copy filtered resources.
2023-10-16 16:44:51,443 [Worker-58: Building] INFO  o.e.m.c.i.embedder.EclipseLogger - skip non existing resourceDirectory C:\Users\smrutip\Downloads\1\CalculatorClient\src\test\resources
2023-10-16 16:45:08,228 [Worker-57: Building] INFO  o.e.m.c.i.embedder.EclipseLogger - Using 'UTF-8' encoding to copy filtered resources.
2023-10-16 16:45:08,228 [Worker-57: Building] INFO  o.e.m.c.i.embedder.EclipseLogger - Copying 0 resource
2023-10-16 16:45:08,230 [Worker-57: Building] INFO  o.e.m.c.i.embedder.EclipseLogger - Using 'UTF-8' encoding to copy filtered resources.
2023-10-16 16:45:08,231 [Worker-57: Building] INFO  o.e.m.c.i.embedder.EclipseLogger - skip non existing resourceDirectory C:\Users\smrutip\Downloads\1\CalculatorClient\src\test\resources
2023-10-16 17:38:53,243 [Worker-3: Loading available Gradle versions] INFO  o.e.b.c.i.u.g.PublishedGradleVersions - Gradle version information cache is out-of-date. Trying to update.
2023-10-30 10:13:11,208 [Worker-2: Loading available Gradle versions] INFO  o.e.b.c.i.u.g.PublishedGradleVersions - Gradle version information cache is up-to-date. Trying to read.
2023-10-30 10:59:21,754 [Worker-1: Loading available Gradle versions] INFO  o.e.b.c.i.u.g.PublishedGradleVersions - Gradle version information cache is up-to-date. Trying to read.
2023-10-30 11:00:54,149 [Worker-1: Loading available Gradle versions] INFO  o.e.b.c.i.u.g.PublishedGradleVersions - Gradle version information cache is up-to-date. Trying to read.
2023-10-30 11:01:41,776 [Worker-1: Loading available Gradle versions] INFO  o.e.b.c.i.u.g.PublishedGradleVersions - Gradle version information cache is up-to-date. Trying to read.
2023-10-30 17:30:52,114 [Worker-0: Loading available Gradle versions] INFO  o.e.b.c.i.u.g.PublishedGradleVersions - Gradle version information cache is up-to-date. Trying to read.
2023-10-30 17:35:05,137 [Worker-1: Loading available Gradle versions] INFO  o.e.b.c.i.u.g.PublishedGradleVersions - Gradle version information cache is up-to-date. Trying to read.
2023-10-30 17:36:31,059 [Worker-15: Building] INFO  o.e.m.c.i.embedder.EclipseLogger - Using 'UTF-8' encoding to copy filtered resources.
2023-10-30 17:36:31,062 [Worker-15: Building] INFO  o.e.m.c.i.embedder.EclipseLogger - Copying 0 resource
2023-10-30 17:36:31,064 [Worker-15: Building] INFO  o.e.m.c.i.embedder.EclipseLogger - Using 'UTF-8' encoding to copy filtered resources.
2023-10-30 17:36:31,065 [Worker-15: Building] INFO  o.e.m.c.i.embedder.EclipseLogger - skip non existing resourceDirectory C:\Users\smrutip\Downloads\1\CalculatorClient\src\test\resources
2023-10-30 19:16:50,012 [Worker-1: Loading available Gradle versions] INFO  o.e.b.c.i.u.g.PublishedGradleVersions - Gradle version information cache is up-to-date. Trying to read.
2023-10-30 22:17:53,968 [Worker-4: Loading available Gradle versions] INFO  o.e.b.c.i.u.g.PublishedGradleVersions - Gradle version information cache is up-to-date. Trying to read.
2023-10-30 22:23:07,912 [Worker-1: Loading available Gradle versions] INFO  o.e.b.c.i.u.g.PublishedGradleVersions - Gradle version information cache is up-to-date. Trying to read.
2023-10-30 22:26:14,719 [Worker-1: Loading available Gradle versions] INFO  o.e.b.c.i.u.g.PublishedGradleVersions - Gradle version information cache is up-to-date. Trying to read.
2023-10-30 22:28:57,370 [Worker-21: Launching mavenrun-37d28613-1fd8-499b-bd1e-3c2c63e3aea6] INFO  o.eclipse.m2e.core.internal.Bundles - getClasspathEntries(Bundle=org.eclipse.m2e.maven.runtime_3.8.701.20230209-1606 [610])
2023-10-30 22:28:57,386 [Worker-21: Launching mavenrun-37d28613-1fd8-499b-bd1e-3c2c63e3aea6] INFO  o.eclipse.m2e.core.internal.Bundles - 	Entry: C:\Users\smrutip\Downloads\eclipse\plugins\org.eclipse.m2e.maven.runtime_3.8.701.20230209-1606
2023-10-30 22:28:57,386 [Worker-21: Launching mavenrun-37d28613-1fd8-499b-bd1e-3c2c63e3aea6] INFO  o.eclipse.m2e.core.internal.Bundles - 	Entry: C:\Users\smrutip\Downloads\eclipse\plugins\org.eclipse.m2e.maven.runtime_3.8.701.20230209-1606\jars\aether-connector-okhttp-0.17.8.jar
2023-10-30 22:28:57,386 [Worker-21: Launching mavenrun-37d28613-1fd8-499b-bd1e-3c2c63e3aea6] INFO  o.eclipse.m2e.core.internal.Bundles - 	Entry: C:\Users\smrutip\Downloads\eclipse\plugins\org.eclipse.m2e.maven.runtime_3.8.701.20230209-1606\jars\commons-lang3-3.8.1.jar
2023-10-30 22:28:57,387 [Worker-21: Launching mavenrun-37d28613-1fd8-499b-bd1e-3c2c63e3aea6] INFO  o.eclipse.m2e.core.internal.Bundles - 	Entry: C:\Users\smrutip\Downloads\eclipse\plugins\org.eclipse.m2e.maven.runtime_3.8.701.20230209-1606\jars\guice-4.2.2-no_aop.jar
2023-10-30 22:28:57,387 [Worker-21: Launching mavenrun-37d28613-1fd8-499b-bd1e-3c2c63e3aea6] INFO  o.eclipse.m2e.core.internal.Bundles - 	Entry: C:\Users\smrutip\Downloads\eclipse\plugins\org.eclipse.m2e.maven.runtime_3.8.701.20230209-1606\jars\jansi-2.4.0.jar
2023-10-30 22:28:57,387 [Worker-21: Launching mavenrun-37d28613-1fd8-499b-bd1e-3c2c63e3aea6] INFO  o.eclipse.m2e.core.internal.Bundles - 	Entry: C:\Users\smrutip\Downloads\eclipse\plugins\org.eclipse.m2e.maven.runtime_3.8.701.20230209-1606\jars\maven-artifact-3.8.7.jar
2023-10-30 22:28:57,387 [Worker-21: Launching mavenrun-37d28613-1fd8-499b-bd1e-3c2c63e3aea6] INFO  o.eclipse.m2e.core.internal.Bundles - 	Entry: C:\Users\smrutip\Downloads\eclipse\plugins\org.eclipse.m2e.maven.runtime_3.8.701.20230209-1606\jars\maven-builder-support-3.8.7.jar
2023-10-30 22:28:57,387 [Worker-21: Launching mavenrun-37d28613-1fd8-499b-bd1e-3c2c63e3aea6] INFO  o.eclipse.m2e.core.internal.Bundles - 	Entry: C:\Users\smrutip\Downloads\eclipse\plugins\org.eclipse.m2e.maven.runtime_3.8.701.20230209-1606\jars\maven-compat-3.8.7.jar
2023-10-30 22:28:57,387 [Worker-21: Launching mavenrun-37d28613-1fd8-499b-bd1e-3c2c63e3aea6] INFO  o.eclipse.m2e.core.internal.Bundles - 	Entry: C:\Users\smrutip\Downloads\eclipse\plugins\org.eclipse.m2e.maven.runtime_3.8.701.20230209-1606\jars\maven-core-3.8.7.jar
2023-10-30 22:28:57,387 [Worker-21: Launching mavenrun-37d28613-1fd8-499b-bd1e-3c2c63e3aea6] INFO  o.eclipse.m2e.core.internal.Bundles - 	Entry: C:\Users\smrutip\Downloads\eclipse\plugins\org.eclipse.m2e.maven.runtime_3.8.701.20230209-1606\jars\maven-embedder-3.8.7.jar
2023-10-30 22:28:57,388 [Worker-21: Launching mavenrun-37d28613-1fd8-499b-bd1e-3c2c63e3aea6] INFO  o.eclipse.m2e.core.internal.Bundles - 	Entry: C:\Users\smrutip\Downloads\eclipse\plugins\org.eclipse.m2e.maven.runtime_3.8.701.20230209-1606\jars\maven-model-3.8.7.jar
2023-10-30 22:28:57,388 [Worker-21: Launching mavenrun-37d28613-1fd8-499b-bd1e-3c2c63e3aea6] INFO  o.eclipse.m2e.core.internal.Bundles - 	Entry: C:\Users\smrutip\Downloads\eclipse\plugins\org.eclipse.m2e.maven.runtime_3.8.701.20230209-1606\jars\maven-model-builder-3.8.7.jar
2023-10-30 22:28:57,388 [Worker-21: Launching mavenrun-37d28613-1fd8-499b-bd1e-3c2c63e3aea6] INFO  o.eclipse.m2e.core.internal.Bundles - 	Entry: C:\Users\smrutip\Downloads\eclipse\plugins\org.eclipse.m2e.maven.runtime_3.8.701.20230209-1606\jars\maven-plugin-api-3.8.7.jar
2023-10-30 22:28:57,388 [Worker-21: Launching mavenrun-37d28613-1fd8-499b-bd1e-3c2c63e3aea6] INFO  o.eclipse.m2e.core.internal.Bundles - 	Entry: C:\Users\smrutip\Downloads\eclipse\plugins\org.eclipse.m2e.maven.runtime_3.8.701.20230209-1606\jars\maven-repository-metadata-3.8.7.jar
2023-10-30 22:28:57,388 [Worker-21: Launching mavenrun-37d28613-1fd8-499b-bd1e-3c2c63e3aea6] INFO  o.eclipse.m2e.core.internal.Bundles - 	Entry: C:\Users\smrutip\Downloads\eclipse\plugins\org.eclipse.m2e.maven.runtime_3.8.701.20230209-1606\jars\maven-resolver-api-1.6.3.jar
2023-10-30 22:28:57,388 [Worker-21: Launching mavenrun-37d28613-1fd8-499b-bd1e-3c2c63e3aea6] INFO  o.eclipse.m2e.core.internal.Bundles - 	Entry: C:\Users\smrutip\Downloads\eclipse\plugins\org.eclipse.m2e.maven.runtime_3.8.701.20230209-1606\jars\maven-resolver-connector-basic-1.6.3.jar
2023-10-30 22:28:57,389 [Worker-21: Launching mavenrun-37d28613-1fd8-499b-bd1e-3c2c63e3aea6] INFO  o.eclipse.m2e.core.internal.Bundles - 	Entry: C:\Users\smrutip\Downloads\eclipse\plugins\org.eclipse.m2e.maven.runtime_3.8.701.20230209-1606\jars\maven-resolver-impl-1.6.3.jar
2023-10-30 22:28:57,389 [Worker-21: Launching mavenrun-37d28613-1fd8-499b-bd1e-3c2c63e3aea6] INFO  o.eclipse.m2e.core.internal.Bundles - 	Entry: C:\Users\smrutip\Downloads\eclipse\plugins\org.eclipse.m2e.maven.runtime_3.8.701.20230209-1606\jars\maven-resolver-provider-3.8.7.jar
2023-10-30 22:28:57,389 [Worker-21: Launching mavenrun-37d28613-1fd8-499b-bd1e-3c2c63e3aea6] INFO  o.eclipse.m2e.core.internal.Bundles - 	Entry: C:\Users\smrutip\Downloads\eclipse\plugins\org.eclipse.m2e.maven.runtime_3.8.701.20230209-1606\jars\maven-resolver-spi-1.6.3.jar
2023-10-30 22:28:57,389 [Worker-21: Launching mavenrun-37d28613-1fd8-499b-bd1e-3c2c63e3aea6] INFO  o.eclipse.m2e.core.internal.Bundles - 	Entry: C:\Users\smrutip\Downloads\eclipse\plugins\org.eclipse.m2e.maven.runtime_3.8.701.20230209-1606\jars\maven-resolver-transport-wagon-1.6.3.jar
2023-10-30 22:28:57,389 [Worker-21: Launching mavenrun-37d28613-1fd8-499b-bd1e-3c2c63e3aea6] INFO  o.eclipse.m2e.core.internal.Bundles - 	Entry: C:\Users\smrutip\Downloads\eclipse\plugins\org.eclipse.m2e.maven.runtime_3.8.701.20230209-1606\jars\maven-resolver-util-1.6.3.jar
2023-10-30 22:28:57,389 [Worker-21: Launching mavenrun-37d28613-1fd8-499b-bd1e-3c2c63e3aea6] INFO  o.eclipse.m2e.core.internal.Bundles - 	Entry: C:\Users\smrutip\Downloads\eclipse\plugins\org.eclipse.m2e.maven.runtime_3.8.701.20230209-1606\jars\maven-settings-3.8.7.jar
2023-10-30 22:28:57,389 [Worker-21: Launching mavenrun-37d28613-1fd8-499b-bd1e-3c2c63e3aea6] INFO  o.eclipse.m2e.core.internal.Bundles - 	Entry: C:\Users\smrutip\Downloads\eclipse\plugins\org.eclipse.m2e.maven.runtime_3.8.701.20230209-1606\jars\maven-settings-builder-3.8.7.jar
2023-10-30 22:28:57,390 [Worker-21: Launching mavenrun-37d28613-1fd8-499b-bd1e-3c2c63e3aea6] INFO  o.eclipse.m2e.core.internal.Bundles - 	Entry: C:\Users\smrutip\Downloads\eclipse\plugins\org.eclipse.m2e.maven.runtime_3.8.701.20230209-1606\jars\maven-shared-utils-3.3.4.jar
2023-10-30 22:28:57,390 [Worker-21: Launching mavenrun-37d28613-1fd8-499b-bd1e-3c2c63e3aea6] INFO  o.eclipse.m2e.core.internal.Bundles - 	Entry: C:\Users\smrutip\Downloads\eclipse\plugins\org.eclipse.m2e.maven.runtime_3.8.701.20230209-1606\jars\okhttp-3.14.1.jar
2023-10-30 22:28:57,390 [Worker-21: Launching mavenrun-37d28613-1fd8-499b-bd1e-3c2c63e3aea6] INFO  o.eclipse.m2e.core.internal.Bundles - 	Entry: C:\Users\smrutip\Downloads\eclipse\plugins\org.eclipse.m2e.maven.runtime_3.8.701.20230209-1606\jars\okio-1.17.3.jar
2023-10-30 22:28:57,390 [Worker-21: Launching mavenrun-37d28613-1fd8-499b-bd1e-3c2c63e3aea6] INFO  o.eclipse.m2e.core.internal.Bundles - 	Entry: C:\Users\smrutip\Downloads\eclipse\plugins\org.eclipse.m2e.maven.runtime_3.8.701.20230209-1606\jars\org.eclipse.sisu.inject-0.3.5.jar
2023-10-30 22:28:57,390 [Worker-21: Launching mavenrun-37d28613-1fd8-499b-bd1e-3c2c63e3aea6] INFO  o.eclipse.m2e.core.internal.Bundles - 	Entry: C:\Users\smrutip\Downloads\eclipse\plugins\org.eclipse.m2e.maven.runtime_3.8.701.20230209-1606\jars\org.eclipse.sisu.plexus-0.3.5.jar
2023-10-30 22:28:57,390 [Worker-21: Launching mavenrun-37d28613-1fd8-499b-bd1e-3c2c63e3aea6] INFO  o.eclipse.m2e.core.internal.Bundles - 	Entry: C:\Users\smrutip\Downloads\eclipse\plugins\org.eclipse.m2e.maven.runtime_3.8.701.20230209-1606\jars\plexus-build-api-0.0.7.jar
2023-10-30 22:28:57,391 [Worker-21: Launching mavenrun-37d28613-1fd8-499b-bd1e-3c2c63e3aea6] INFO  o.eclipse.m2e.core.internal.Bundles - 	Entry: C:\Users\smrutip\Downloads\eclipse\plugins\org.eclipse.m2e.maven.runtime_3.8.701.20230209-1606\jars\plexus-cipher-2.0.jar
2023-10-30 22:28:57,391 [Worker-21: Launching mavenrun-37d28613-1fd8-499b-bd1e-3c2c63e3aea6] INFO  o.eclipse.m2e.core.internal.Bundles - 	Entry: C:\Users\smrutip\Downloads\eclipse\plugins\org.eclipse.m2e.maven.runtime_3.8.701.20230209-1606\jars\plexus-classworlds-2.6.0.jar
2023-10-30 22:28:57,391 [Worker-21: Launching mavenrun-37d28613-1fd8-499b-bd1e-3c2c63e3aea6] INFO  o.eclipse.m2e.core.internal.Bundles - 	Entry: C:\Users\smrutip\Downloads\eclipse\plugins\org.eclipse.m2e.maven.runtime_3.8.701.20230209-1606\jars\plexus-component-annotations-2.1.0.jar
2023-10-30 22:28:57,391 [Worker-21: Launching mavenrun-37d28613-1fd8-499b-bd1e-3c2c63e3aea6] INFO  o.eclipse.m2e.core.internal.Bundles - 	Entry: C:\Users\smrutip\Downloads\eclipse\plugins\org.eclipse.m2e.maven.runtime_3.8.701.20230209-1606\jars\plexus-interpolation-1.26.jar
2023-10-30 22:28:57,391 [Worker-21: Launching mavenrun-37d28613-1fd8-499b-bd1e-3c2c63e3aea6] INFO  o.eclipse.m2e.core.internal.Bundles - 	Entry: C:\Users\smrutip\Downloads\eclipse\plugins\org.eclipse.m2e.maven.runtime_3.8.701.20230209-1606\jars\plexus-sec-dispatcher-2.0.jar
2023-10-30 22:28:57,391 [Worker-21: Launching mavenrun-37d28613-1fd8-499b-bd1e-3c2c63e3aea6] INFO  o.eclipse.m2e.core.internal.Bundles - 	Entry: C:\Users\smrutip\Downloads\eclipse\plugins\org.eclipse.m2e.maven.runtime_3.8.701.20230209-1606\jars\plexus-utils-3.3.1.jar
2023-10-30 22:28:57,391 [Worker-21: Launching mavenrun-37d28613-1fd8-499b-bd1e-3c2c63e3aea6] INFO  o.eclipse.m2e.core.internal.Bundles - 	Entry: C:\Users\smrutip\Downloads\eclipse\plugins\org.eclipse.m2e.maven.runtime_3.8.701.20230209-1606\jars\wagon-file-3.5.3.jar
2023-10-30 22:28:57,392 [Worker-21: Launching mavenrun-37d28613-1fd8-499b-bd1e-3c2c63e3aea6] INFO  o.eclipse.m2e.core.internal.Bundles - 	Entry: C:\Users\smrutip\Downloads\eclipse\plugins\org.eclipse.m2e.maven.runtime_3.8.701.20230209-1606\jars\wagon-provider-api-3.5.3.jar
2023-10-30 22:28:57,394 [Worker-21: Launching mavenrun-37d28613-1fd8-499b-bd1e-3c2c63e3aea6] INFO  o.eclipse.m2e.core.internal.Bundles - getClasspathEntries(Bundle=com.google.guava_32.1.2.jre [1332])
2023-10-30 22:28:57,395 [Worker-21: Launching mavenrun-37d28613-1fd8-499b-bd1e-3c2c63e3aea6] INFO  o.eclipse.m2e.core.internal.Bundles - 	Entry: C:\Users\smrutip\Downloads\eclipse\plugins\com.google.guava_32.1.2.jre.jar
2023-10-30 22:28:57,395 [Worker-21: Launching mavenrun-37d28613-1fd8-499b-bd1e-3c2c63e3aea6] INFO  o.eclipse.m2e.core.internal.Bundles - getClasspathEntries(Bundle=slf4j.api_1.7.36 [924])
2023-10-30 22:28:57,396 [Worker-21: Launching mavenrun-37d28613-1fd8-499b-bd1e-3c2c63e3aea6] INFO  o.eclipse.m2e.core.internal.Bundles - 	Entry: C:\Users\smrutip\Downloads\eclipse\plugins\slf4j.api_1.7.36.jar
2023-10-30 22:28:57,396 [Worker-21: Launching mavenrun-37d28613-1fd8-499b-bd1e-3c2c63e3aea6] INFO  o.eclipse.m2e.core.internal.Bundles - getClasspathEntries(Bundle=javax.inject_1.0.0.v20220405-0441 [35])
2023-10-30 22:28:57,396 [Worker-21: Launching mavenrun-37d28613-1fd8-499b-bd1e-3c2c63e3aea6] INFO  o.eclipse.m2e.core.internal.Bundles - 	Entry: C:\Users\smrutip\Downloads\eclipse\plugins\javax.inject_1.0.0.v20220405-0441.jar
2023-10-30 22:28:57,396 [Worker-21: Launching mavenrun-37d28613-1fd8-499b-bd1e-3c2c63e3aea6] INFO  o.eclipse.m2e.core.internal.Bundles - getClasspathEntries(Bundle=javax.annotation_1.3.5.v20221203-1659 [33])
2023-10-30 22:28:57,397 [Worker-21: Launching mavenrun-37d28613-1fd8-499b-bd1e-3c2c63e3aea6] INFO  o.eclipse.m2e.core.internal.Bundles - 	Entry: C:\Users\smrutip\Downloads\eclipse\plugins\javax.annotation_1.3.5.v20221203-1659.jar
2023-10-30 22:28:57,397 [Worker-21: Launching mavenrun-37d28613-1fd8-499b-bd1e-3c2c63e3aea6] INFO  o.eclipse.m2e.core.internal.Bundles - getClasspathEntries(Bundle=org.apache.commons.cli_1.4.0.v20221112-0806 [67])
2023-10-30 22:28:57,398 [Worker-21: Launching mavenrun-37d28613-1fd8-499b-bd1e-3c2c63e3aea6] INFO  o.eclipse.m2e.core.internal.Bundles - 	Entry: C:\Users\smrutip\Downloads\eclipse\plugins\org.apache.commons.cli_1.4.0.v20221112-0806.jar
2023-10-30 22:28:57,398 [Worker-21: Launching mavenrun-37d28613-1fd8-499b-bd1e-3c2c63e3aea6] INFO  o.eclipse.m2e.core.internal.Bundles - getClasspathEntries(Bundle=com.google.guava.failureaccess_1.0.1 [13])
2023-10-30 22:28:57,399 [Worker-21: Launching mavenrun-37d28613-1fd8-499b-bd1e-3c2c63e3aea6] INFO  o.eclipse.m2e.core.internal.Bundles - 	Entry: C:\Users\smrutip\Downloads\eclipse\plugins\com.google.guava.failureaccess_1.0.1.jar
2023-10-30 22:28:57,402 [Worker-21: Launching mavenrun-37d28613-1fd8-499b-bd1e-3c2c63e3aea6] INFO  o.e.m.i.launch.MavenLaunchDelegate - Run build in "C:\Users\smrutip\AppData\Local\Temp\m2e-archetypeGenerator7932559101653157095":
2023-10-30 22:28:57,405 [Worker-21: Launching mavenrun-37d28613-1fd8-499b-bd1e-3c2c63e3aea6] INFO  o.e.m.i.launch.MavenLaunchDelegate -  mvn  -DarchetypeGroupId=org.glassfish.jersey.archetypes -DarchetypeArtifactId=jersey-quickstart-webapp -DarchetypeVersion=3.1.3 -DgroupId=Infinite -DartifactId=SimpleCalc -Dversion=0.0.1-SNAPSHOT -Dpackage=com.java.infinite -DoutputDirectory="D:\Infinite JAVA\EjbDemo" -Dstyle.color=always -U archetype:generate
2023-10-30 22:29:11,437 [Worker-22: Creating jersey-quickstart-webapp] INFO  o.e.m.c.i.p.ProjectConfigurationManager - Collecting project info '/pom.xml' D:\Infinite JAVA\EjbDemo\SimpleCalc\pom.xml
2023-10-30 22:29:14,761 [Worker-22: Creating jersey-quickstart-webapp] INFO  o.e.m.c.i.l.LifecycleMappingFactory - Using org.maven.ide.eclipse.wtp.WarLifecycleMapping lifecycle mapping for MavenProject: Infinite:SimpleCalc:0.0.1-SNAPSHOT @ D:\Infinite JAVA\EjbDemo\SimpleCalc\pom.xml.
2023-10-30 22:29:17,569 [Worker-22: Creating jersey-quickstart-webapp] INFO  o.e.m.j.i.AbstractJavaProjectConfigurator - Adding source folder /SimpleCalc/src/main/java
2023-10-30 22:29:17,570 [Worker-22: Creating jersey-quickstart-webapp] INFO  o.e.m.j.i.AbstractJavaProjectConfigurator - Adding resource folder /SimpleCalc/src/main/resources
2023-10-30 22:29:17,579 [Worker-22: Creating jersey-quickstart-webapp] INFO  o.e.m.j.i.AbstractJavaProjectConfigurator - Adding source folder /SimpleCalc/src/test/java
2023-10-30 22:29:18,322 [Worker-22: Creating jersey-quickstart-webapp] INFO  o.e.m.c.i.embedder.EclipseLogger - Using 'UTF-8' encoding to copy filtered resources.
2023-10-30 22:29:18,326 [Worker-22: Creating jersey-quickstart-webapp] INFO  o.e.m.c.i.embedder.EclipseLogger - Copying 0 resource
2023-10-30 22:29:18,329 [Worker-22: Creating jersey-quickstart-webapp] INFO  o.e.m.c.i.embedder.EclipseLogger - Using 'UTF-8' encoding to copy filtered resources.
2023-10-30 22:29:18,329 [Worker-22: Creating jersey-quickstart-webapp] INFO  o.e.m.c.i.embedder.EclipseLogger - skip non existing resourceDirectory D:\Infinite JAVA\EjbDemo\SimpleCalc\src\test\resources
2023-10-30 22:29:19,206 [Worker-22: Creating jersey-quickstart-webapp] INFO  o.e.m.c.i.p.ProjectConfigurationManager - Imported and configured 1 project(s) in 7 sec
2023-10-30 22:29:28,403 [Worker-28: Building] INFO  o.e.m.c.i.embedder.EclipseLogger - Using 'UTF-8' encoding to copy filtered resources.
2023-10-30 22:29:28,404 [Worker-28: Building] INFO  o.e.m.c.i.embedder.EclipseLogger - Copying 0 resource
2023-10-30 22:29:28,406 [Worker-28: Building] INFO  o.e.m.c.i.embedder.EclipseLogger - Using 'UTF-8' encoding to copy filtered resources.
2023-10-30 22:29:28,406 [Worker-28: Building] INFO  o.e.m.c.i.embedder.EclipseLogger - skip non existing resourceDirectory C:\Users\smrutip\Downloads\1\CalculatorClient\src\test\resources
2023-10-30 22:29:29,191 [Worker-31: Building] INFO  o.e.m.c.i.embedder.EclipseLogger - Using 'UTF-8' encoding to copy filtered resources.
2023-10-30 22:29:29,199 [Worker-31: Building] INFO  o.e.m.c.i.embedder.EclipseLogger - Copying 0 resource
2023-10-30 22:29:29,200 [Worker-31: Building] INFO  o.e.m.c.i.embedder.EclipseLogger - Using 'UTF-8' encoding to copy filtered resources.
2023-10-30 22:29:29,200 [Worker-31: Building] INFO  o.e.m.c.i.embedder.EclipseLogger - skip non existing resourceDirectory D:\Infinite JAVA\EjbDemo\SimpleCalc\src\test\resources
2023-10-30 22:31:26,699 [Worker-27: Building] INFO  o.e.m.c.i.embedder.EclipseLogger - Using 'UTF-8' encoding to copy filtered resources.
2023-10-30 22:31:26,703 [Worker-27: Building] INFO  o.e.m.c.i.embedder.EclipseLogger - Copying 0 resource
2023-10-30 22:31:26,705 [Worker-27: Building] INFO  o.e.m.c.i.embedder.EclipseLogger - Using 'UTF-8' encoding to copy filtered resources.
2023-10-30 22:31:26,705 [Worker-27: Building] INFO  o.e.m.c.i.embedder.EclipseLogger - skip non existing resourceDirectory D:\Infinite JAVA\EjbDemo\SimpleCalc\src\test\resources
2023-10-30 22:36:14,453 [Worker-36: Building] INFO  o.e.m.c.i.l.LifecycleMappingFactory - Using org.maven.ide.eclipse.wtp.WarLifecycleMapping lifecycle mapping for MavenProject: Infinite:SimpleCalc:0.0.1-SNAPSHOT @ D:\Infinite JAVA\EjbDemo\SimpleCalc\pom.xml.
2023-10-30 22:36:14,497 [Worker-36: Building] INFO  o.e.m.c.i.embedder.EclipseLogger - Using 'UTF-8' encoding to copy filtered resources.
2023-10-30 22:36:14,497 [Worker-36: Building] INFO  o.e.m.c.i.embedder.EclipseLogger - Copying 0 resource
2023-10-30 22:36:14,499 [Worker-36: Building] INFO  o.e.m.c.i.embedder.EclipseLogger - Using 'UTF-8' encoding to copy filtered resources.
2023-10-30 22:36:14,499 [Worker-36: Building] INFO  o.e.m.c.i.embedder.EclipseLogger - skip non existing resourceDirectory D:\Infinite JAVA\EjbDemo\SimpleCalc\src\test\resources
2023-10-30 22:36:14,499 [Worker-36: Building] INFO  o.e.m.w.i.f.ResourceFilteringBuildParticipant - Changed resources require a complete clean of filtered resources of SimpleCalc
2023-10-30 22:36:14,500 [Worker-36: Building] INFO  o.e.m.w.i.f.ResourceFilteringBuildParticipant - Executing resource filtering for SimpleCalc
2023-10-30 22:41:48,728 [Worker-26: Building] INFO  o.e.m.c.i.embedder.EclipseLogger - Using 'UTF-8' encoding to copy filtered resources.
2023-10-30 22:41:48,728 [Worker-26: Building] INFO  o.e.m.c.i.embedder.EclipseLogger - Copying 0 resource
2023-10-30 22:41:48,729 [Worker-26: Building] INFO  o.e.m.c.i.embedder.EclipseLogger - Using 'UTF-8' encoding to copy filtered resources.
2023-10-30 22:41:48,730 [Worker-26: Building] INFO  o.e.m.c.i.embedder.EclipseLogger - skip non existing resourceDirectory D:\Infinite JAVA\EjbDemo\SimpleCalc\src\test\resources
2023-10-30 22:42:30,309 [Worker-42: Building] INFO  o.e.m.c.i.embedder.EclipseLogger - Using 'UTF-8' encoding to copy filtered resources.
2023-10-30 22:42:30,309 [Worker-42: Building] INFO  o.e.m.c.i.embedder.EclipseLogger - Copying 0 resource
2023-10-30 22:42:30,311 [Worker-42: Building] INFO  o.e.m.c.i.embedder.EclipseLogger - Using 'UTF-8' encoding to copy filtered resources.
2023-10-30 22:42:30,311 [Worker-42: Building] INFO  o.e.m.c.i.embedder.EclipseLogger - skip non existing resourceDirectory D:\Infinite JAVA\EjbDemo\SimpleCalc\src\test\resources
2023-10-30 22:42:55,951 [Worker-26: Building] INFO  o.e.m.c.i.embedder.EclipseLogger - Using 'UTF-8' encoding to copy filtered resources.
2023-10-30 22:42:55,951 [Worker-26: Building] INFO  o.e.m.c.i.embedder.EclipseLogger - Copying 0 resource
2023-10-30 22:42:55,953 [Worker-26: Building] INFO  o.e.m.c.i.embedder.EclipseLogger - Using 'UTF-8' encoding to copy filtered resources.
2023-10-30 22:42:55,953 [Worker-26: Building] INFO  o.e.m.c.i.embedder.EclipseLogger - skip non existing resourceDirectory D:\Infinite JAVA\EjbDemo\SimpleCalc\src\test\resources
2023-10-30 22:43:16,058 [Worker-42: Building] INFO  o.e.m.c.i.embedder.EclipseLogger - Using 'UTF-8' encoding to copy filtered resources.
2023-10-30 22:43:16,059 [Worker-42: Building] INFO  o.e.m.c.i.embedder.EclipseLogger - Copying 0 resource
2023-10-30 22:43:16,060 [Worker-42: Building] INFO  o.e.m.c.i.embedder.EclipseLogger - Using 'UTF-8' encoding to copy filtered resources.
2023-10-30 22:43:16,060 [Worker-42: Building] INFO  o.e.m.c.i.embedder.EclipseLogger - skip non existing resourceDirectory D:\Infinite JAVA\EjbDemo\SimpleCalc\src\test\resources
2023-10-30 22:46:30,608 [Worker-41: Building] INFO  o.e.m.c.i.embedder.EclipseLogger - Using 'UTF-8' encoding to copy filtered resources.
2023-10-30 22:46:30,609 [Worker-41: Building] INFO  o.e.m.c.i.embedder.EclipseLogger - Copying 0 resource
2023-10-30 22:46:30,610 [Worker-41: Building] INFO  o.e.m.c.i.embedder.EclipseLogger - Using 'UTF-8' encoding to copy filtered resources.
2023-10-30 22:46:30,610 [Worker-41: Building] INFO  o.e.m.c.i.embedder.EclipseLogger - skip non existing resourceDirectory D:\Infinite JAVA\EjbDemo\SimpleCalc\src\test\resources
2023-10-30 22:46:51,729 [Worker-41: Building] INFO  o.e.m.c.i.embedder.EclipseLogger - Using 'UTF-8' encoding to copy filtered resources.
2023-10-30 22:46:51,729 [Worker-41: Building] INFO  o.e.m.c.i.embedder.EclipseLogger - Copying 0 resource
2023-10-30 22:46:51,730 [Worker-41: Building] INFO  o.e.m.c.i.embedder.EclipseLogger - Using 'UTF-8' encoding to copy filtered resources.
2023-10-30 22:46:51,730 [Worker-41: Building] INFO  o.e.m.c.i.embedder.EclipseLogger - skip non existing resourceDirectory D:\Infinite JAVA\EjbDemo\SimpleCalc\src\test\resources
2023-10-30 22:51:49,230 [Worker-49: Building] INFO  o.e.m.c.i.embedder.EclipseLogger - Using 'UTF-8' encoding to copy filtered resources.
2023-10-30 22:51:49,230 [Worker-49: Building] INFO  o.e.m.c.i.embedder.EclipseLogger - Copying 0 resource
2023-10-30 22:51:49,231 [Worker-49: Building] INFO  o.e.m.c.i.embedder.EclipseLogger - Using 'UTF-8' encoding to copy filtered resources.
2023-10-30 22:51:49,231 [Worker-49: Building] INFO  o.e.m.c.i.embedder.EclipseLogger - skip non existing resourceDirectory D:\Infinite JAVA\EjbDemo\SimpleCalc\src\test\resources
2023-10-30 22:53:45,678 [Worker-53: Building] INFO  o.e.m.c.i.embedder.EclipseLogger - Using 'UTF-8' encoding to copy filtered resources.
2023-10-30 22:53:45,678 [Worker-53: Building] INFO  o.e.m.c.i.embedder.EclipseLogger - Copying 0 resource
2023-10-30 22:53:45,679 [Worker-53: Building] INFO  o.e.m.c.i.embedder.EclipseLogger - Using 'UTF-8' encoding to copy filtered resources.
2023-10-30 22:53:45,680 [Worker-53: Building] INFO  o.e.m.c.i.embedder.EclipseLogger - skip non existing resourceDirectory D:\Infinite JAVA\EjbDemo\SimpleCalc\src\test\resources
2023-10-30 22:53:57,240 [Worker-54: Building] INFO  o.e.m.c.i.embedder.EclipseLogger - Using 'UTF-8' encoding to copy filtered resources.
2023-10-30 22:53:57,240 [Worker-54: Building] INFO  o.e.m.c.i.embedder.EclipseLogger - Copying 0 resource
2023-10-30 22:53:57,242 [Worker-54: Building] INFO  o.e.m.c.i.embedder.EclipseLogger - Using 'UTF-8' encoding to copy filtered resources.
2023-10-30 22:53:57,242 [Worker-54: Building] INFO  o.e.m.c.i.embedder.EclipseLogger - skip non existing resourceDirectory D:\Infinite JAVA\EjbDemo\SimpleCalc\src\test\resources
2023-10-31 07:30:58,146 [Worker-2: Loading available Gradle versions] INFO  o.e.b.c.i.u.g.PublishedGradleVersions - Gradle version information cache is up-to-date. Trying to read.
2023-10-31 07:31:27,736 [Worker-21: Building] INFO  o.e.m.c.i.embedder.EclipseLogger - Using 'UTF-8' encoding to copy filtered resources.
2023-10-31 07:31:27,749 [Worker-21: Building] INFO  o.e.m.c.i.embedder.EclipseLogger - Copying 0 resource
2023-10-31 07:31:27,752 [Worker-21: Building] INFO  o.e.m.c.i.embedder.EclipseLogger - Using 'UTF-8' encoding to copy filtered resources.
2023-10-31 07:31:27,752 [Worker-21: Building] INFO  o.e.m.c.i.embedder.EclipseLogger - skip non existing resourceDirectory C:\Users\smrutip\Downloads\1\CalculatorClient\src\test\resources
2023-10-31 07:31:32,112 [Worker-8: Building] INFO  o.e.m.c.i.embedder.EclipseLogger - Using 'UTF-8' encoding to copy filtered resources.
2023-10-31 07:31:32,112 [Worker-8: Building] INFO  o.e.m.c.i.embedder.EclipseLogger - Copying 0 resource
2023-10-31 07:31:32,114 [Worker-8: Building] INFO  o.e.m.c.i.embedder.EclipseLogger - Using 'UTF-8' encoding to copy filtered resources.
2023-10-31 07:31:32,114 [Worker-8: Building] INFO  o.e.m.c.i.embedder.EclipseLogger - skip non existing resourceDirectory D:\Infinite JAVA\EjbDemo\SimpleCalc\src\test\resources
2023-10-31 07:31:41,881 [Worker-5: Building] INFO  o.e.m.c.i.embedder.EclipseLogger - Using 'UTF-8' encoding to copy filtered resources.
2023-10-31 07:31:42,405 [Worker-5: Building] INFO  o.e.m.c.i.embedder.EclipseLogger - Copying 0 resource
2023-10-31 07:31:42,407 [Worker-5: Building] INFO  o.e.m.c.i.embedder.EclipseLogger - Using 'UTF-8' encoding to copy filtered resources.
2023-10-31 07:31:42,407 [Worker-5: Building] INFO  o.e.m.c.i.embedder.EclipseLogger - skip non existing resourceDirectory D:\Infinite JAVA\EjbDemo\SimpleCalc\src\test\resources
2023-10-31 07:32:08,857 [Worker-7: Building] INFO  o.e.m.c.i.embedder.EclipseLogger - Using 'UTF-8' encoding to copy filtered resources.
2023-10-31 07:32:08,857 [Worker-7: Building] INFO  o.e.m.c.i.embedder.EclipseLogger - Copying 0 resource
2023-10-31 07:32:08,858 [Worker-7: Building] INFO  o.e.m.c.i.embedder.EclipseLogger - Using 'UTF-8' encoding to copy filtered resources.
2023-10-31 07:32:08,859 [Worker-7: Building] INFO  o.e.m.c.i.embedder.EclipseLogger - skip non existing resourceDirectory D:\Infinite JAVA\EjbDemo\SimpleCalc\src\test\resources
2023-10-31 07:32:28,358 [Worker-21: Building] INFO  o.e.m.c.i.embedder.EclipseLogger - Using 'UTF-8' encoding to copy filtered resources.
2023-10-31 07:32:28,358 [Worker-21: Building] INFO  o.e.m.c.i.embedder.EclipseLogger - Copying 0 resource
2023-10-31 07:32:28,360 [Worker-21: Building] INFO  o.e.m.c.i.embedder.EclipseLogger - Using 'UTF-8' encoding to copy filtered resources.
2023-10-31 07:32:28,360 [Worker-21: Building] INFO  o.e.m.c.i.embedder.EclipseLogger - skip non existing resourceDirectory D:\Infinite JAVA\EjbDemo\SimpleCalc\src\test\resources
2023-10-31 07:32:39,816 [Worker-5: Building] INFO  o.e.m.c.i.embedder.EclipseLogger - Using 'UTF-8' encoding to copy filtered resources.
2023-10-31 07:32:39,816 [Worker-5: Building] INFO  o.e.m.c.i.embedder.EclipseLogger - Copying 0 resource
2023-10-31 07:32:39,818 [Worker-5: Building] INFO  o.e.m.c.i.embedder.EclipseLogger - Using 'UTF-8' encoding to copy filtered resources.
2023-10-31 07:32:39,818 [Worker-5: Building] INFO  o.e.m.c.i.embedder.EclipseLogger - skip non existing resourceDirectory D:\Infinite JAVA\EjbDemo\SimpleCalc\src\test\resources
2023-10-31 07:33:19,824 [Worker-11: Building] INFO  o.e.m.c.i.embedder.EclipseLogger - Using 'UTF-8' encoding to copy filtered resources.
2023-10-31 07:33:19,824 [Worker-11: Building] INFO  o.e.m.c.i.embedder.EclipseLogger - Copying 0 resource
2023-10-31 07:33:19,825 [Worker-11: Building] INFO  o.e.m.c.i.embedder.EclipseLogger - Using 'UTF-8' encoding to copy filtered resources.
2023-10-31 07:33:19,825 [Worker-11: Building] INFO  o.e.m.c.i.embedder.EclipseLogger - skip non existing resourceDirectory D:\Infinite JAVA\EjbDemo\SimpleCalc\src\test\resources
2023-10-31 07:33:41,181 [Worker-25: Building] INFO  o.e.m.c.i.embedder.EclipseLogger - Using 'UTF-8' encoding to copy filtered resources.
2023-10-31 07:33:41,181 [Worker-25: Building] INFO  o.e.m.c.i.embedder.EclipseLogger - Copying 0 resource
2023-10-31 07:33:41,185 [Worker-25: Building] INFO  o.e.m.c.i.embedder.EclipseLogger - Using 'UTF-8' encoding to copy filtered resources.
2023-10-31 07:33:41,185 [Worker-25: Building] INFO  o.e.m.c.i.embedder.EclipseLogger - skip non existing resourceDirectory D:\Infinite JAVA\EjbDemo\SimpleCalc\src\test\resources
2023-10-31 07:34:40,907 [Worker-1: Building] INFO  o.e.m.c.i.embedder.EclipseLogger - Using 'UTF-8' encoding to copy filtered resources.
2023-10-31 07:34:40,908 [Worker-1: Building] INFO  o.e.m.c.i.embedder.EclipseLogger - Copying 0 resource
2023-10-31 07:34:40,910 [Worker-1: Building] INFO  o.e.m.c.i.embedder.EclipseLogger - Using 'UTF-8' encoding to copy filtered resources.
2023-10-31 07:34:40,911 [Worker-1: Building] INFO  o.e.m.c.i.embedder.EclipseLogger - skip non existing resourceDirectory D:\Infinite JAVA\EjbDemo\SimpleCalc\src\test\resources
